#
# There is insufficient memory for the Java Runtime Environment to continue.
# Native memory allocation (malloc) failed to allocate 71872 bytes for Chunk::new
# Possible reasons:
#   The system is out of physical RAM or swap space
#   The process is running with CompressedOops enabled, and the Java Heap may be blocking the growth of the native heap
# Possible solutions:
#   Reduce memory load on the system
#   Increase physical memory or swap space
#   Check if swap backing store is full
#   Decrease Java heap size (-Xmx/-Xms)
#   Decrease number of Java threads
#   Decrease Java thread stack sizes (-Xss)
#   Set larger code cache with -XX:ReservedCodeCacheSize=
#   JVM is running with Unscaled Compressed Oops mode in which the Java heap is
#     placed in the first 4GB address space. The Java Heap base address is the
#     maximum limit for the native heap growth. Please use -XX:HeapBaseMinAddress
#     to set the Java Heap base and to place the Java Heap above 4GB virtual address.
# This output file may be truncated or incomplete.
#
#  Out of Memory Error (arena.cpp:189), pid=4288, tid=25380
#
# JRE version: OpenJDK Runtime Environment Temurin-17.0.7+7 (17.0.7+7) (build 17.0.7+7)
# Java VM: OpenJDK 64-Bit Server VM Temurin-17.0.7+7 (17.0.7+7, mixed mode, sharing, tiered, compressed oops, compressed class ptrs, g1 gc, windows-amd64)
# No core dump will be written. Minidumps are not enabled by default on client versions of Windows
#

---------------  S U M M A R Y ------------

Command Line: -XX:MaxMetaspaceSize=512m --add-opens=java.base/java.util=ALL-UNNAMED --add-opens=java.base/java.lang=ALL-UNNAMED --add-opens=java.base/java.lang.invoke=ALL-UNNAMED --add-opens=java.prefs/java.util.prefs=ALL-UNNAMED --add-opens=java.base/java.nio.charset=ALL-UNNAMED --add-opens=java.base/java.net=ALL-UNNAMED --add-opens=java.base/java.util.concurrent.atomic=ALL-UNNAMED -Xmx2048m -Dfile.encoding=UTF-8 -Duser.country=ES -Duser.language=es -Duser.variant org.gradle.launcher.daemon.bootstrap.GradleDaemon 8.0.1

Host: Intel(R) Core(TM) i5-10300H CPU @ 2.50GHz, 8 cores, 7G,  Windows 10 , 64 bit Build 19041 (10.0.19041.3570)
Time: Thu Oct 19 20:25:40 2023 Hora estándar de Argentina elapsed time: 5.370690 seconds (0d 0h 0m 5s)

---------------  T H R E A D  ---------------

Current thread (0x0000016cbf77f3e0):  JavaThread "C2 CompilerThread0" daemon [_thread_in_native, id=25380, stack(0x00000004fd500000,0x00000004fd600000)]


Current CompileTask:
C2:   5370 2019       4       jdk.internal.org.objectweb.asm.Frame::execute (2305 bytes)

Stack: [0x00000004fd500000,0x00000004fd600000]
Native frames: (J=compiled Java code, j=interpreted, Vv=VM code, C=native code)
V  [jvm.dll+0x67754a]
V  [jvm.dll+0x834304]
V  [jvm.dll+0x835aae]
V  [jvm.dll+0x836113]
V  [jvm.dll+0x24696f]
V  [jvm.dll+0xac0ac]
V  [jvm.dll+0xac67c]
V  [jvm.dll+0x2ae12c]
V  [jvm.dll+0x580067]
V  [jvm.dll+0x221e72]
V  [jvm.dll+0x21b039]
V  [jvm.dll+0x21895b]
V  [jvm.dll+0x1a4d8d]
V  [jvm.dll+0x2284da]
V  [jvm.dll+0x226615]
V  [jvm.dll+0x7ea90b]
V  [jvm.dll+0x7e4e7a]
V  [jvm.dll+0x676395]
C  [ucrtbase.dll+0x21bb2]
C  [KERNEL32.DLL+0x17344]
C  [ntdll.dll+0x526b1]


---------------  P R O C E S S  ---------------

Threads class SMR info:
_java_thread_list=0x0000016cc5a034f0, length=22, elements={
0x0000016ca1860440, 0x0000016cbf766a40, 0x0000016cbf7687d0, 0x0000016cbf779c90,
0x0000016cbf77c660, 0x0000016cbf77cf20, 0x0000016cbf77d7e0, 0x0000016cbf77f3e0,
0x0000016cbf781cf0, 0x0000016cbf784600, 0x0000016cc4139c30, 0x0000016cc413a100,
0x0000016cc4d6aa10, 0x0000016cc512a380, 0x0000016cc52a1190, 0x0000016cc52a6960,
0x0000016cc5250840, 0x0000016cc580a020, 0x0000016cc5c98870, 0x0000016cc58f9c60,
0x0000016cc58fa130, 0x0000016cc58f8450
}

Java Threads: ( => current thread )
  0x0000016ca1860440 JavaThread "main" [_thread_blocked, id=11916, stack(0x00000004fc800000,0x00000004fc900000)]
  0x0000016cbf766a40 JavaThread "Reference Handler" daemon [_thread_blocked, id=17704, stack(0x00000004fcf00000,0x00000004fd000000)]
  0x0000016cbf7687d0 JavaThread "Finalizer" daemon [_thread_blocked, id=26760, stack(0x00000004fd000000,0x00000004fd100000)]
  0x0000016cbf779c90 JavaThread "Signal Dispatcher" daemon [_thread_blocked, id=8040, stack(0x00000004fd100000,0x00000004fd200000)]
  0x0000016cbf77c660 JavaThread "Attach Listener" daemon [_thread_blocked, id=15488, stack(0x00000004fd200000,0x00000004fd300000)]
  0x0000016cbf77cf20 JavaThread "Service Thread" daemon [_thread_blocked, id=15256, stack(0x00000004fd300000,0x00000004fd400000)]
  0x0000016cbf77d7e0 JavaThread "Monitor Deflation Thread" daemon [_thread_blocked, id=24884, stack(0x00000004fd400000,0x00000004fd500000)]
=>0x0000016cbf77f3e0 JavaThread "C2 CompilerThread0" daemon [_thread_in_native, id=25380, stack(0x00000004fd500000,0x00000004fd600000)]
  0x0000016cbf781cf0 JavaThread "C1 CompilerThread0" daemon [_thread_in_native, id=19984, stack(0x00000004fd600000,0x00000004fd700000)]
  0x0000016cbf784600 JavaThread "Sweeper thread" daemon [_thread_blocked, id=9740, stack(0x00000004fd700000,0x00000004fd800000)]
  0x0000016cc4139c30 JavaThread "Common-Cleaner" daemon [_thread_blocked, id=9272, stack(0x00000004fd800000,0x00000004fd900000)]
  0x0000016cc413a100 JavaThread "Notification Thread" daemon [_thread_blocked, id=17772, stack(0x00000004fd900000,0x00000004fda00000)]
  0x0000016cc4d6aa10 JavaThread "Daemon health stats" [_thread_blocked, id=27564, stack(0x00000004fde00000,0x00000004fdf00000)]
  0x0000016cc512a380 JavaThread "Incoming local TCP Connector on port 58643" [_thread_in_native, id=19668, stack(0x00000004fdf00000,0x00000004fe000000)]
  0x0000016cc52a1190 JavaThread "Daemon periodic checks" [_thread_blocked, id=8056, stack(0x00000004fe000000,0x00000004fe100000)]
  0x0000016cc52a6960 JavaThread "Daemon" [_thread_blocked, id=16944, stack(0x00000004fe100000,0x00000004fe200000)]
  0x0000016cc5250840 JavaThread "Handler for socket connection from /127.0.0.1:58643 to /127.0.0.1:58644" [_thread_in_native, id=26580, stack(0x00000004fe200000,0x00000004fe300000)]
  0x0000016cc580a020 JavaThread "Cancel handler" [_thread_blocked, id=14356, stack(0x00000004fe300000,0x00000004fe400000)]
  0x0000016cc5c98870 JavaThread "Daemon worker" [_thread_in_native, id=21884, stack(0x00000004fe400000,0x00000004fe500000)]
  0x0000016cc58f9c60 JavaThread "Asynchronous log dispatcher for DefaultDaemonConnection: socket connection from /127.0.0.1:58643 to /127.0.0.1:58644" [_thread_blocked, id=9652, stack(0x00000004fe500000,0x00000004fe600000)]
  0x0000016cc58fa130 JavaThread "Stdin handler" [_thread_blocked, id=10496, stack(0x00000004fe600000,0x00000004fe700000)]
  0x0000016cc58f8450 JavaThread "Daemon client event forwarder" [_thread_blocked, id=11408, stack(0x00000004fe700000,0x00000004fe800000)]

Other Threads:
  0x0000016cbf761c30 VMThread "VM Thread" [stack: 0x00000004fce00000,0x00000004fcf00000] [id=25032]
  0x0000016ca18d61a0 WatcherThread [stack: 0x00000004fda00000,0x00000004fdb00000] [id=7792]
  0x0000016ca18bbdf0 GCTaskThread "GC Thread#0" [stack: 0x00000004fc900000,0x00000004fca00000] [id=24296]
  0x0000016cc4a86e50 GCTaskThread "GC Thread#1" [stack: 0x00000004fdb00000,0x00000004fdc00000] [id=22308]
  0x0000016cc4a860e0 GCTaskThread "GC Thread#2" [stack: 0x00000004fdc00000,0x00000004fdd00000] [id=8608]
  0x0000016cc4a86640 GCTaskThread "GC Thread#3" [stack: 0x00000004fdd00000,0x00000004fde00000] [id=24492]
  0x0000016ca18ccc40 ConcurrentGCThread "G1 Main Marker" [stack: 0x00000004fca00000,0x00000004fcb00000] [id=26816]
  0x0000016ca18cf6c0 ConcurrentGCThread "G1 Conc#0" [stack: 0x00000004fcb00000,0x00000004fcc00000] [id=11304]
  0x0000016ca18fecf0 ConcurrentGCThread "G1 Refine#0" [stack: 0x00000004fcc00000,0x00000004fcd00000] [id=27268]
  0x0000016cbf619510 ConcurrentGCThread "G1 Service" [stack: 0x00000004fcd00000,0x00000004fce00000] [id=7604]

Threads with active compile tasks:
C2 CompilerThread0     5411 2019       4       jdk.internal.org.objectweb.asm.Frame::execute (2305 bytes)

VM state: not at safepoint (normal execution)

VM Mutex/Monitor currently owned by a thread: None

Heap address: 0x0000000080000000, size: 2048 MB, Compressed Oops mode: 32-bit

CDS archive(s) mapped at: [0x0000000800000000-0x0000000800bc0000-0x0000000800bc0000), size 12320768, SharedBaseAddress: 0x0000000800000000, ArchiveRelocationMode: 0.
Compressed class space mapped at: 0x0000000801000000-0x000000081b000000, reserved size: 436207616
Narrow klass base: 0x0000000800000000, Narrow klass shift: 0, Narrow klass range: 0x100000000

GC Precious Log:
 CPUs: 8 total, 8 available
 Memory: 8013M
 Large Page Support: Disabled
 NUMA Support: Disabled
 Compressed Oops: Enabled (32-bit)
 Heap Region Size: 1M
 Heap Min Capacity: 8M
 Heap Initial Capacity: 126M
 Heap Max Capacity: 2G
 Pre-touch: Disabled
 Parallel Workers: 8
 Concurrent Workers: 2
 Concurrent Refinement Workers: 8
 Periodic GC: Disabled

Heap:
 garbage-first heap   total 129024K, used 55105K [0x0000000080000000, 0x0000000100000000)
  region size 1024K, 45 young (46080K), 3 survivors (3072K)
 Metaspace       used 12179K, committed 12480K, reserved 491520K
  class space    used 1703K, committed 1856K, reserved 425984K

Heap Regions: E=young(eden), S=young(survivor), O=old, HS=humongous(starts), HC=humongous(continues), CS=collection set, F=free, OA=open archive, CA=closed archive, TAMS=top-at-mark-start (previous, next)
|   0|0x0000000080000000, 0x0000000080100000, 0x0000000080100000|100%|HS|  |TAMS 0x0000000080000000, 0x0000000080000000| Complete 
|   1|0x0000000080100000, 0x0000000080200000, 0x0000000080200000|100%|HC|  |TAMS 0x0000000080100000, 0x0000000080100000| Complete 
|   2|0x0000000080200000, 0x0000000080300000, 0x0000000080300000|100%|HC|  |TAMS 0x0000000080200000, 0x0000000080200000| Complete 
|   3|0x0000000080300000, 0x0000000080400000, 0x0000000080400000|100%|HC|  |TAMS 0x0000000080300000, 0x0000000080300000| Complete 
|   4|0x0000000080400000, 0x0000000080500000, 0x0000000080500000|100%| O|  |TAMS 0x0000000080400000, 0x0000000080400000| Untracked 
|   5|0x0000000080500000, 0x0000000080600000, 0x0000000080600000|100%| O|  |TAMS 0x0000000080500000, 0x0000000080500000| Untracked 
|   6|0x0000000080600000, 0x0000000080700000, 0x0000000080700000|100%| O|  |TAMS 0x0000000080600000, 0x0000000080600000| Untracked 
|   7|0x0000000080700000, 0x0000000080700000, 0x0000000080800000|  0%| F|  |TAMS 0x0000000080700000, 0x0000000080700000| Untracked 
|   8|0x0000000080800000, 0x0000000080900000, 0x0000000080900000|100%| O|  |TAMS 0x0000000080800000, 0x0000000080800000| Untracked 
|   9|0x0000000080900000, 0x0000000080a00000, 0x0000000080a00000|100%| O|  |TAMS 0x0000000080900000, 0x0000000080900000| Untracked 
|  10|0x0000000080a00000, 0x0000000080b00000, 0x0000000080b00000|100%| O|  |TAMS 0x0000000080a00000, 0x0000000080a00000| Untracked 
|  11|0x0000000080b00000, 0x0000000080b00000, 0x0000000080c00000|  0%| F|  |TAMS 0x0000000080b00000, 0x0000000080b00000| Untracked 
|  12|0x0000000080c00000, 0x0000000080c00000, 0x0000000080d00000|  0%| F|  |TAMS 0x0000000080c00000, 0x0000000080c00000| Untracked 
|  13|0x0000000080d00000, 0x0000000080d00000, 0x0000000080e00000|  0%| F|  |TAMS 0x0000000080d00000, 0x0000000080d00000| Untracked 
|  14|0x0000000080e00000, 0x0000000080e00000, 0x0000000080f00000|  0%| F|  |TAMS 0x0000000080e00000, 0x0000000080e00000| Untracked 
|  15|0x0000000080f00000, 0x0000000080f00000, 0x0000000081000000|  0%| F|  |TAMS 0x0000000080f00000, 0x0000000080f00000| Untracked 
|  16|0x0000000081000000, 0x0000000081000000, 0x0000000081100000|  0%| F|  |TAMS 0x0000000081000000, 0x0000000081000000| Untracked 
|  17|0x0000000081100000, 0x0000000081100000, 0x0000000081200000|  0%| F|  |TAMS 0x0000000081100000, 0x0000000081100000| Untracked 
|  18|0x0000000081200000, 0x0000000081200000, 0x0000000081300000|  0%| F|  |TAMS 0x0000000081200000, 0x0000000081200000| Untracked 
|  19|0x0000000081300000, 0x0000000081300000, 0x0000000081400000|  0%| F|  |TAMS 0x0000000081300000, 0x0000000081300000| Untracked 
|  20|0x0000000081400000, 0x0000000081400000, 0x0000000081500000|  0%| F|  |TAMS 0x0000000081400000, 0x0000000081400000| Untracked 
|  21|0x0000000081500000, 0x0000000081500000, 0x0000000081600000|  0%| F|  |TAMS 0x0000000081500000, 0x0000000081500000| Untracked 
|  22|0x0000000081600000, 0x0000000081600000, 0x0000000081700000|  0%| F|  |TAMS 0x0000000081600000, 0x0000000081600000| Untracked 
|  23|0x0000000081700000, 0x0000000081700000, 0x0000000081800000|  0%| F|  |TAMS 0x0000000081700000, 0x0000000081700000| Untracked 
|  24|0x0000000081800000, 0x0000000081800000, 0x0000000081900000|  0%| F|  |TAMS 0x0000000081800000, 0x0000000081800000| Untracked 
|  25|0x0000000081900000, 0x0000000081900000, 0x0000000081a00000|  0%| F|  |TAMS 0x0000000081900000, 0x0000000081900000| Untracked 
|  26|0x0000000081a00000, 0x0000000081a00000, 0x0000000081b00000|  0%| F|  |TAMS 0x0000000081a00000, 0x0000000081a00000| Untracked 
|  27|0x0000000081b00000, 0x0000000081b00000, 0x0000000081c00000|  0%| F|  |TAMS 0x0000000081b00000, 0x0000000081b00000| Untracked 
|  28|0x0000000081c00000, 0x0000000081c00000, 0x0000000081d00000|  0%| F|  |TAMS 0x0000000081c00000, 0x0000000081c00000| Untracked 
|  29|0x0000000081d00000, 0x0000000081d00000, 0x0000000081e00000|  0%| F|  |TAMS 0x0000000081d00000, 0x0000000081d00000| Untracked 
|  30|0x0000000081e00000, 0x0000000081e00000, 0x0000000081f00000|  0%| F|  |TAMS 0x0000000081e00000, 0x0000000081e00000| Untracked 
|  31|0x0000000081f00000, 0x0000000081f00000, 0x0000000082000000|  0%| F|  |TAMS 0x0000000081f00000, 0x0000000081f00000| Untracked 
|  32|0x0000000082000000, 0x0000000082000000, 0x0000000082100000|  0%| F|  |TAMS 0x0000000082000000, 0x0000000082000000| Untracked 
|  33|0x0000000082100000, 0x0000000082100000, 0x0000000082200000|  0%| F|  |TAMS 0x0000000082100000, 0x0000000082100000| Untracked 
|  34|0x0000000082200000, 0x0000000082200000, 0x0000000082300000|  0%| F|  |TAMS 0x0000000082200000, 0x0000000082200000| Untracked 
|  35|0x0000000082300000, 0x0000000082300000, 0x0000000082400000|  0%| F|  |TAMS 0x0000000082300000, 0x0000000082300000| Untracked 
|  36|0x0000000082400000, 0x0000000082400000, 0x0000000082500000|  0%| F|  |TAMS 0x0000000082400000, 0x0000000082400000| Untracked 
|  37|0x0000000082500000, 0x0000000082500000, 0x0000000082600000|  0%| F|  |TAMS 0x0000000082500000, 0x0000000082500000| Untracked 
|  38|0x0000000082600000, 0x0000000082600000, 0x0000000082700000|  0%| F|  |TAMS 0x0000000082600000, 0x0000000082600000| Untracked 
|  39|0x0000000082700000, 0x0000000082700000, 0x0000000082800000|  0%| F|  |TAMS 0x0000000082700000, 0x0000000082700000| Untracked 
|  40|0x0000000082800000, 0x0000000082800000, 0x0000000082900000|  0%| F|  |TAMS 0x0000000082800000, 0x0000000082800000| Untracked 
|  41|0x0000000082900000, 0x0000000082900000, 0x0000000082a00000|  0%| F|  |TAMS 0x0000000082900000, 0x0000000082900000| Untracked 
|  42|0x0000000082a00000, 0x0000000082a00000, 0x0000000082b00000|  0%| F|  |TAMS 0x0000000082a00000, 0x0000000082a00000| Untracked 
|  43|0x0000000082b00000, 0x0000000082b00000, 0x0000000082c00000|  0%| F|  |TAMS 0x0000000082b00000, 0x0000000082b00000| Untracked 
|  44|0x0000000082c00000, 0x0000000082c00000, 0x0000000082d00000|  0%| F|  |TAMS 0x0000000082c00000, 0x0000000082c00000| Untracked 
|  45|0x0000000082d00000, 0x0000000082d00000, 0x0000000082e00000|  0%| F|  |TAMS 0x0000000082d00000, 0x0000000082d00000| Untracked 
|  46|0x0000000082e00000, 0x0000000082e00000, 0x0000000082f00000|  0%| F|  |TAMS 0x0000000082e00000, 0x0000000082e00000| Untracked 
|  47|0x0000000082f00000, 0x0000000082f00000, 0x0000000083000000|  0%| F|  |TAMS 0x0000000082f00000, 0x0000000082f00000| Untracked 
|  48|0x0000000083000000, 0x0000000083000000, 0x0000000083100000|  0%| F|  |TAMS 0x0000000083000000, 0x0000000083000000| Untracked 
|  49|0x0000000083100000, 0x0000000083100000, 0x0000000083200000|  0%| F|  |TAMS 0x0000000083100000, 0x0000000083100000| Untracked 
|  50|0x0000000083200000, 0x0000000083200000, 0x0000000083300000|  0%| F|  |TAMS 0x0000000083200000, 0x0000000083200000| Untracked 
|  51|0x0000000083300000, 0x0000000083300000, 0x0000000083400000|  0%| F|  |TAMS 0x0000000083300000, 0x0000000083300000| Untracked 
|  52|0x0000000083400000, 0x0000000083400000, 0x0000000083500000|  0%| F|  |TAMS 0x0000000083400000, 0x0000000083400000| Untracked 
|  53|0x0000000083500000, 0x0000000083500000, 0x0000000083600000|  0%| F|  |TAMS 0x0000000083500000, 0x0000000083500000| Untracked 
|  54|0x0000000083600000, 0x0000000083600000, 0x0000000083700000|  0%| F|  |TAMS 0x0000000083600000, 0x0000000083600000| Untracked 
|  55|0x0000000083700000, 0x0000000083700000, 0x0000000083800000|  0%| F|  |TAMS 0x0000000083700000, 0x0000000083700000| Untracked 
|  56|0x0000000083800000, 0x0000000083800000, 0x0000000083900000|  0%| F|  |TAMS 0x0000000083800000, 0x0000000083800000| Untracked 
|  57|0x0000000083900000, 0x0000000083900000, 0x0000000083a00000|  0%| F|  |TAMS 0x0000000083900000, 0x0000000083900000| Untracked 
|  58|0x0000000083a00000, 0x0000000083a00000, 0x0000000083b00000|  0%| F|  |TAMS 0x0000000083a00000, 0x0000000083a00000| Untracked 
|  59|0x0000000083b00000, 0x0000000083b00000, 0x0000000083c00000|  0%| F|  |TAMS 0x0000000083b00000, 0x0000000083b00000| Untracked 
|  60|0x0000000083c00000, 0x0000000083c00000, 0x0000000083d00000|  0%| F|  |TAMS 0x0000000083c00000, 0x0000000083c00000| Untracked 
|  61|0x0000000083d00000, 0x0000000083d00000, 0x0000000083e00000|  0%| F|  |TAMS 0x0000000083d00000, 0x0000000083d00000| Untracked 
|  62|0x0000000083e00000, 0x0000000083e00000, 0x0000000083f00000|  0%| F|  |TAMS 0x0000000083e00000, 0x0000000083e00000| Untracked 
|  63|0x0000000083f00000, 0x0000000083f00000, 0x0000000084000000|  0%| F|  |TAMS 0x0000000083f00000, 0x0000000083f00000| Untracked 
|  64|0x0000000084000000, 0x0000000084000000, 0x0000000084100000|  0%| F|  |TAMS 0x0000000084000000, 0x0000000084000000| Untracked 
|  65|0x0000000084100000, 0x0000000084100000, 0x0000000084200000|  0%| F|  |TAMS 0x0000000084100000, 0x0000000084100000| Untracked 
|  66|0x0000000084200000, 0x0000000084200000, 0x0000000084300000|  0%| F|  |TAMS 0x0000000084200000, 0x0000000084200000| Untracked 
|  67|0x0000000084300000, 0x0000000084300000, 0x0000000084400000|  0%| F|  |TAMS 0x0000000084300000, 0x0000000084300000| Untracked 
|  68|0x0000000084400000, 0x0000000084400000, 0x0000000084500000|  0%| F|  |TAMS 0x0000000084400000, 0x0000000084400000| Untracked 
|  69|0x0000000084500000, 0x0000000084500000, 0x0000000084600000|  0%| F|  |TAMS 0x0000000084500000, 0x0000000084500000| Untracked 
|  70|0x0000000084600000, 0x0000000084600000, 0x0000000084700000|  0%| F|  |TAMS 0x0000000084600000, 0x0000000084600000| Untracked 
|  71|0x0000000084700000, 0x0000000084700000, 0x0000000084800000|  0%| F|  |TAMS 0x0000000084700000, 0x0000000084700000| Untracked 
|  72|0x0000000084800000, 0x0000000084800000, 0x0000000084900000|  0%| F|  |TAMS 0x0000000084800000, 0x0000000084800000| Untracked 
|  73|0x0000000084900000, 0x0000000084900000, 0x0000000084a00000|  0%| F|  |TAMS 0x0000000084900000, 0x0000000084900000| Untracked 
|  74|0x0000000084a00000, 0x0000000084a00000, 0x0000000084b00000|  0%| F|  |TAMS 0x0000000084a00000, 0x0000000084a00000| Untracked 
|  75|0x0000000084b00000, 0x0000000084b00000, 0x0000000084c00000|  0%| F|  |TAMS 0x0000000084b00000, 0x0000000084b00000| Untracked 
|  76|0x0000000084c00000, 0x0000000084c00000, 0x0000000084d00000|  0%| F|  |TAMS 0x0000000084c00000, 0x0000000084c00000| Untracked 
|  77|0x0000000084d00000, 0x0000000084d00000, 0x0000000084e00000|  0%| F|  |TAMS 0x0000000084d00000, 0x0000000084d00000| Untracked 
|  78|0x0000000084e00000, 0x0000000084e00000, 0x0000000084f00000|  0%| F|  |TAMS 0x0000000084e00000, 0x0000000084e00000| Untracked 
|  79|0x0000000084f00000, 0x0000000084f00000, 0x0000000085000000|  0%| F|  |TAMS 0x0000000084f00000, 0x0000000084f00000| Untracked 
|  80|0x0000000085000000, 0x0000000085000000, 0x0000000085100000|  0%| F|  |TAMS 0x0000000085000000, 0x0000000085000000| Untracked 
|  81|0x0000000085100000, 0x0000000085200000, 0x0000000085200000|100%| E|  |TAMS 0x0000000085100000, 0x0000000085100000| Complete 
|  82|0x0000000085200000, 0x0000000085300000, 0x0000000085300000|100%| E|CS|TAMS 0x0000000085200000, 0x0000000085200000| Complete 
|  83|0x0000000085300000, 0x0000000085400000, 0x0000000085400000|100%| E|CS|TAMS 0x0000000085300000, 0x0000000085300000| Complete 
|  84|0x0000000085400000, 0x0000000085500000, 0x0000000085500000|100%| E|CS|TAMS 0x0000000085400000, 0x0000000085400000| Complete 
|  85|0x0000000085500000, 0x0000000085600000, 0x0000000085600000|100%| E|CS|TAMS 0x0000000085500000, 0x0000000085500000| Complete 
|  86|0x0000000085600000, 0x0000000085700000, 0x0000000085700000|100%| E|CS|TAMS 0x0000000085600000, 0x0000000085600000| Complete 
|  87|0x0000000085700000, 0x0000000085800000, 0x0000000085800000|100%| E|CS|TAMS 0x0000000085700000, 0x0000000085700000| Complete 
|  88|0x0000000085800000, 0x0000000085900000, 0x0000000085900000|100%| E|CS|TAMS 0x0000000085800000, 0x0000000085800000| Complete 
|  89|0x0000000085900000, 0x0000000085a00000, 0x0000000085a00000|100%| E|CS|TAMS 0x0000000085900000, 0x0000000085900000| Complete 
|  90|0x0000000085a00000, 0x0000000085b00000, 0x0000000085b00000|100%| E|CS|TAMS 0x0000000085a00000, 0x0000000085a00000| Complete 
|  91|0x0000000085b00000, 0x0000000085c00000, 0x0000000085c00000|100%| E|CS|TAMS 0x0000000085b00000, 0x0000000085b00000| Complete 
|  92|0x0000000085c00000, 0x0000000085d00000, 0x0000000085d00000|100%| E|CS|TAMS 0x0000000085c00000, 0x0000000085c00000| Complete 
|  93|0x0000000085d00000, 0x0000000085dd0770, 0x0000000085e00000| 81%| S|CS|TAMS 0x0000000085d00000, 0x0000000085d00000| Complete 
|  94|0x0000000085e00000, 0x0000000085f00000, 0x0000000085f00000|100%| S|CS|TAMS 0x0000000085e00000, 0x0000000085e00000| Complete 
|  95|0x0000000085f00000, 0x0000000086000000, 0x0000000086000000|100%| S|CS|TAMS 0x0000000085f00000, 0x0000000085f00000| Complete 
|  96|0x0000000086000000, 0x0000000086100000, 0x0000000086100000|100%| E|CS|TAMS 0x0000000086000000, 0x0000000086000000| Complete 
|  97|0x0000000086100000, 0x0000000086200000, 0x0000000086200000|100%| E|CS|TAMS 0x0000000086100000, 0x0000000086100000| Complete 
|  98|0x0000000086200000, 0x0000000086300000, 0x0000000086300000|100%| E|CS|TAMS 0x0000000086200000, 0x0000000086200000| Complete 
|  99|0x0000000086300000, 0x0000000086400000, 0x0000000086400000|100%| E|CS|TAMS 0x0000000086300000, 0x0000000086300000| Complete 
| 100|0x0000000086400000, 0x0000000086500000, 0x0000000086500000|100%| E|CS|TAMS 0x0000000086400000, 0x0000000086400000| Complete 
| 101|0x0000000086500000, 0x0000000086600000, 0x0000000086600000|100%| E|CS|TAMS 0x0000000086500000, 0x0000000086500000| Complete 
| 102|0x0000000086600000, 0x0000000086700000, 0x0000000086700000|100%| E|CS|TAMS 0x0000000086600000, 0x0000000086600000| Complete 
| 103|0x0000000086700000, 0x0000000086800000, 0x0000000086800000|100%| E|CS|TAMS 0x0000000086700000, 0x0000000086700000| Complete 
| 104|0x0000000086800000, 0x0000000086900000, 0x0000000086900000|100%| E|CS|TAMS 0x0000000086800000, 0x0000000086800000| Complete 
| 105|0x0000000086900000, 0x0000000086a00000, 0x0000000086a00000|100%| E|CS|TAMS 0x0000000086900000, 0x0000000086900000| Complete 
| 106|0x0000000086a00000, 0x0000000086b00000, 0x0000000086b00000|100%| E|CS|TAMS 0x0000000086a00000, 0x0000000086a00000| Complete 
| 107|0x0000000086b00000, 0x0000000086c00000, 0x0000000086c00000|100%| E|CS|TAMS 0x0000000086b00000, 0x0000000086b00000| Complete 
| 108|0x0000000086c00000, 0x0000000086d00000, 0x0000000086d00000|100%| E|CS|TAMS 0x0000000086c00000, 0x0000000086c00000| Complete 
| 109|0x0000000086d00000, 0x0000000086e00000, 0x0000000086e00000|100%| E|CS|TAMS 0x0000000086d00000, 0x0000000086d00000| Complete 
| 110|0x0000000086e00000, 0x0000000086f00000, 0x0000000086f00000|100%| E|CS|TAMS 0x0000000086e00000, 0x0000000086e00000| Complete 
| 111|0x0000000086f00000, 0x0000000087000000, 0x0000000087000000|100%| E|CS|TAMS 0x0000000086f00000, 0x0000000086f00000| Complete 
| 112|0x0000000087000000, 0x0000000087100000, 0x0000000087100000|100%| E|CS|TAMS 0x0000000087000000, 0x0000000087000000| Complete 
| 113|0x0000000087100000, 0x0000000087200000, 0x0000000087200000|100%| E|CS|TAMS 0x0000000087100000, 0x0000000087100000| Complete 
| 114|0x0000000087200000, 0x0000000087300000, 0x0000000087300000|100%| E|CS|TAMS 0x0000000087200000, 0x0000000087200000| Complete 
| 115|0x0000000087300000, 0x0000000087400000, 0x0000000087400000|100%| E|CS|TAMS 0x0000000087300000, 0x0000000087300000| Complete 
| 116|0x0000000087400000, 0x0000000087500000, 0x0000000087500000|100%| E|CS|TAMS 0x0000000087400000, 0x0000000087400000| Complete 
| 117|0x0000000087500000, 0x0000000087600000, 0x0000000087600000|100%| E|CS|TAMS 0x0000000087500000, 0x0000000087500000| Complete 
| 118|0x0000000087600000, 0x0000000087700000, 0x0000000087700000|100%| E|CS|TAMS 0x0000000087600000, 0x0000000087600000| Complete 
| 119|0x0000000087700000, 0x0000000087800000, 0x0000000087800000|100%| E|CS|TAMS 0x0000000087700000, 0x0000000087700000| Complete 
| 120|0x0000000087800000, 0x0000000087900000, 0x0000000087900000|100%| E|CS|TAMS 0x0000000087800000, 0x0000000087800000| Complete 
| 121|0x0000000087900000, 0x0000000087a00000, 0x0000000087a00000|100%| E|CS|TAMS 0x0000000087900000, 0x0000000087900000| Complete 
| 122|0x0000000087a00000, 0x0000000087b00000, 0x0000000087b00000|100%| E|CS|TAMS 0x0000000087a00000, 0x0000000087a00000| Complete 
| 123|0x0000000087b00000, 0x0000000087c00000, 0x0000000087c00000|100%| E|CS|TAMS 0x0000000087b00000, 0x0000000087b00000| Complete 
| 124|0x0000000087c00000, 0x0000000087d00000, 0x0000000087d00000|100%| E|CS|TAMS 0x0000000087c00000, 0x0000000087c00000| Complete 
| 125|0x0000000087d00000, 0x0000000087e00000, 0x0000000087e00000|100%| E|CS|TAMS 0x0000000087d00000, 0x0000000087d00000| Complete 

Card table byte_map: [0x0000016cb8a50000,0x0000016cb8e50000] _byte_map_base: 0x0000016cb8650000

Marking Bits (Prev, Next): (CMBitMap*) 0x0000016ca18bc310, (CMBitMap*) 0x0000016ca18bc350
 Prev Bits: [0x0000016cb9250000, 0x0000016cbb250000)
 Next Bits: [0x0000016cbb250000, 0x0000016cbd250000)

Polling page: 0x0000016ca1000000

Metaspace:

Usage:
  Non-class:     10.26 MB used.
      Class:      1.67 MB used.
       Both:     11.93 MB used.

Virtual space:
  Non-class space:       64.00 MB reserved,      10.38 MB ( 16%) committed,  1 nodes.
      Class space:      416.00 MB reserved,       1.81 MB ( <1%) committed,  1 nodes.
             Both:      480.00 MB reserved,      12.19 MB (  3%) committed. 

Chunk freelists:
   Non-Class:  5.56 MB
       Class:  14.12 MB
        Both:  19.69 MB

MaxMetaspaceSize: 512.00 MB
CompressedClassSpaceSize: 416.00 MB
Initial GC threshold: 21.00 MB
Current GC threshold: 21.00 MB
CDS: on
MetaspaceReclaimPolicy: balanced
 - commit_granule_bytes: 65536.
 - commit_granule_words: 8192.
 - virtual_space_node_default_size: 8388608.
 - enlarge_chunks_in_place: 1.
 - new_chunks_are_fully_committed: 0.
 - uncommit_free_chunks: 1.
 - use_allocation_guard: 0.
 - handle_deallocations: 1.


Internal statistics:

num_allocs_failed_limit: 0.
num_arena_births: 178.
num_arena_deaths: 0.
num_vsnodes_births: 2.
num_vsnodes_deaths: 0.
num_space_committed: 195.
num_space_uncommitted: 0.
num_chunks_returned_to_freelist: 0.
num_chunks_taken_from_freelist: 520.
num_chunk_merges: 0.
num_chunk_splits: 361.
num_chunks_enlarged: 284.
num_inconsistent_stats: 0.

CodeHeap 'non-profiled nmethods': size=120000Kb used=961Kb max_used=961Kb free=119038Kb
 bounds [0x0000016cb0df0000, 0x0000016cb1060000, 0x0000016cb8320000]
CodeHeap 'profiled nmethods': size=120000Kb used=4183Kb max_used=4183Kb free=115816Kb
 bounds [0x0000016ca9320000, 0x0000016ca9740000, 0x0000016cb0850000]
CodeHeap 'non-nmethods': size=5760Kb used=1203Kb max_used=1224Kb free=4556Kb
 bounds [0x0000016cb0850000, 0x0000016cb0ac0000, 0x0000016cb0df0000]
 total_blobs=2575 nmethods=2067 adapters=420
 compilation: enabled
              stopped_count=0, restarted_count=0
 full_count=0

Compilation events (20 events):
Event: 5.333 Thread 0x0000016cbf781cf0 2038   !   3       java.util.jar.Attributes::read (494 bytes)
Event: 5.338 Thread 0x0000016cbf781cf0 nmethod 2038 0x0000016ca9721210 code [0x0000016ca97219e0, 0x0000016ca97259e8]
Event: 5.341 Thread 0x0000016cbf781cf0 2039       3       java.lang.Class$Atomic::casAnnotationData (13 bytes)
Event: 5.341 Thread 0x0000016cbf781cf0 nmethod 2039 0x0000016ca9727310 code [0x0000016ca97274a0, 0x0000016ca97275f8]
Event: 5.341 Thread 0x0000016cbf781cf0 2040       3       java.lang.Class::createAnnotationData (195 bytes)
Event: 5.343 Thread 0x0000016cbf781cf0 nmethod 2040 0x0000016ca9727690 code [0x0000016ca9727a00, 0x0000016ca9728fd8]
Event: 5.343 Thread 0x0000016cbf781cf0 2041       3       sun.reflect.generics.visitor.Reifier::make (9 bytes)
Event: 5.343 Thread 0x0000016cbf781cf0 nmethod 2041 0x0000016ca9729690 code [0x0000016ca9729840, 0x0000016ca9729a98]
Event: 5.343 Thread 0x0000016cbf781cf0 2042       3       java.lang.invoke.DirectMethodHandle::make (275 bytes)
Event: 5.346 Thread 0x0000016cbf781cf0 nmethod 2042 0x0000016ca9729b90 code [0x0000016ca9729f20, 0x0000016ca972b3b8]
Event: 5.346 Thread 0x0000016cbf781cf0 2043       3       java.lang.invoke.MemberName::isField (8 bytes)
Event: 5.346 Thread 0x0000016cbf781cf0 nmethod 2043 0x0000016ca972bc10 code [0x0000016ca972bdc0, 0x0000016ca972bff8]
Event: 5.346 Thread 0x0000016cbf781cf0 2045   !   3       java.lang.invoke.MethodHandle::setVarargs (25 bytes)
Event: 5.347 Thread 0x0000016cbf781cf0 nmethod 2045 0x0000016ca972c110 code [0x0000016ca972c320, 0x0000016ca972c9d8]
Event: 5.347 Thread 0x0000016cbf781cf0 2047       3       java.nio.Buffer::nextGetIndex (30 bytes)
Event: 5.347 Thread 0x0000016cbf781cf0 nmethod 2047 0x0000016ca972cc10 code [0x0000016ca972cdc0, 0x0000016ca972cf88]
Event: 5.347 Thread 0x0000016cbf781cf0 2046       3       java.lang.invoke.MemberName::isVarargs (23 bytes)
Event: 5.347 Thread 0x0000016cbf781cf0 nmethod 2046 0x0000016ca972d090 code [0x0000016ca972d260, 0x0000016ca972d6f8]
Event: 5.359 Thread 0x0000016cbf781cf0 2049       3       org.gradle.internal.service.DefaultServiceRegistry$FactoryService::<init> (7 bytes)
Event: 5.360 Thread 0x0000016cbf781cf0 nmethod 2049 0x0000016ca972d890 code [0x0000016ca972daa0, 0x0000016ca972e308]

GC Heap History (4 events):
Event: 2.632 GC heap before
{Heap before GC invocations=0 (full 0):
 garbage-first heap   total 129024K, used 26624K [0x0000000080000000, 0x0000000100000000)
  region size 1024K, 23 young (23552K), 0 survivors (0K)
 Metaspace       used 3030K, committed 3200K, reserved 491520K
  class space    used 381K, committed 448K, reserved 425984K
}
Event: 2.677 GC heap after
{Heap after GC invocations=1 (full 0):
 garbage-first heap   total 129024K, used 10082K [0x0000000080000000, 0x0000000100000000)
  region size 1024K, 3 young (3072K), 3 survivors (3072K)
 Metaspace       used 3030K, committed 3200K, reserved 491520K
  class space    used 381K, committed 448K, reserved 425984K
}
Event: 3.611 GC heap before
{Heap before GC invocations=1 (full 0):
 garbage-first heap   total 129024K, used 37730K [0x0000000080000000, 0x0000000100000000)
  region size 1024K, 30 young (30720K), 3 survivors (3072K)
 Metaspace       used 3949K, committed 4096K, reserved 491520K
  class space    used 476K, committed 576K, reserved 425984K
}
Event: 3.616 GC heap after
{Heap after GC invocations=2 (full 0):
 garbage-first heap   total 129024K, used 13121K [0x0000000080000000, 0x0000000100000000)
  region size 1024K, 3 young (3072K), 3 survivors (3072K)
 Metaspace       used 3949K, committed 4096K, reserved 491520K
  class space    used 476K, committed 576K, reserved 425984K
}

Dll operation events (12 events):
Event: 0.017 Loaded shared library C:\Program Files\Eclipse Adoptium\jdk-17.0.7.7-hotspot\bin\java.dll
Event: 0.273 Loaded shared library C:\Program Files\Eclipse Adoptium\jdk-17.0.7.7-hotspot\bin\jsvml.dll
Event: 0.385 Loaded shared library C:\Program Files\Eclipse Adoptium\jdk-17.0.7.7-hotspot\bin\net.dll
Event: 0.391 Loaded shared library C:\Program Files\Eclipse Adoptium\jdk-17.0.7.7-hotspot\bin\nio.dll
Event: 0.398 Loaded shared library C:\Program Files\Eclipse Adoptium\jdk-17.0.7.7-hotspot\bin\zip.dll
Event: 1.073 Loaded shared library C:\Program Files\Eclipse Adoptium\jdk-17.0.7.7-hotspot\bin\jimage.dll
Event: 1.252 Loaded shared library C:\Program Files\Eclipse Adoptium\jdk-17.0.7.7-hotspot\bin\verify.dll
Event: 1.732 Loaded shared library C:\Users\javie\.gradle\native\68d5fa5c4cc2d200863cafc0d521ce42e7d3e7ee720ec0a83991735586a16f82\windows-amd64\native-platform.dll
Event: 1.753 Loaded shared library C:\Users\javie\.gradle\native\e376f236ea51e6404a007f0833ffe2c6e607c4080706a723a18a27aeea778392\windows-amd64\native-platform-file-events.dll
Event: 3.996 Loaded shared library C:\Program Files\Eclipse Adoptium\jdk-17.0.7.7-hotspot\bin\management.dll
Event: 4.000 Loaded shared library C:\Program Files\Eclipse Adoptium\jdk-17.0.7.7-hotspot\bin\management_ext.dll
Event: 4.797 Loaded shared library C:\Program Files\Eclipse Adoptium\jdk-17.0.7.7-hotspot\bin\sunmscapi.dll

Deoptimization events (20 events):
Event: 4.808 Thread 0x0000016cc512a380 Uncommon trap: trap_request=0xffffffc6 fr.pc=0x0000016cb0e668b0 relative=0x0000000000000090
Event: 4.808 Thread 0x0000016cc512a380 Uncommon trap: reason=bimorphic_or_optimized_type_check action=maybe_recompile pc=0x0000016cb0e668b0 method=java.util.AbstractList$Itr.hasNext()Z @ 8 c2
Event: 4.808 Thread 0x0000016cc512a380 DEOPT PACKING pc=0x0000016cb0e668b0 sp=0x00000004fdffe140
Event: 4.808 Thread 0x0000016cc512a380 DEOPT UNPACKING pc=0x0000016cb08a69a3 sp=0x00000004fdffe0d8 mode 2
Event: 4.808 Thread 0x0000016cc512a380 Uncommon trap: trap_request=0xffffffc6 fr.pc=0x0000016cb0e69eec relative=0x000000000000014c
Event: 4.808 Thread 0x0000016cc512a380 Uncommon trap: reason=bimorphic_or_optimized_type_check action=maybe_recompile pc=0x0000016cb0e69eec method=java.util.AbstractList$Itr.next()Ljava/lang/Object; @ 14 c2
Event: 4.808 Thread 0x0000016cc512a380 DEOPT PACKING pc=0x0000016cb0e69eec sp=0x00000004fdffe130
Event: 4.808 Thread 0x0000016cc512a380 DEOPT UNPACKING pc=0x0000016cb08a69a3 sp=0x00000004fdffe0c8 mode 2
Event: 4.929 Thread 0x0000016cc5c98870 Uncommon trap: trap_request=0xffffff45 fr.pc=0x0000016cb0e8f050 relative=0x00000000000012b0
Event: 4.929 Thread 0x0000016cc5c98870 Uncommon trap: reason=unstable_if action=reinterpret pc=0x0000016cb0e8f050 method=java.util.concurrent.ConcurrentHashMap.putVal(Ljava/lang/Object;Ljava/lang/Object;Z)Ljava/lang/Object; @ 256 c2
Event: 4.929 Thread 0x0000016cc5c98870 DEOPT PACKING pc=0x0000016cb0e8f050 sp=0x00000004fe4fea10
Event: 4.929 Thread 0x0000016cc5c98870 DEOPT UNPACKING pc=0x0000016cb08a69a3 sp=0x00000004fe4fe988 mode 2
Event: 5.100 Thread 0x0000016cc5c98870 Uncommon trap: trap_request=0xffffff45 fr.pc=0x0000016cb0e2c910 relative=0x0000000000000250
Event: 5.100 Thread 0x0000016cc5c98870 Uncommon trap: reason=unstable_if action=reinterpret pc=0x0000016cb0e2c910 method=java.util.HashMap.getNode(Ljava/lang/Object;)Ljava/util/HashMap$Node; @ 66 c2
Event: 5.100 Thread 0x0000016cc5c98870 DEOPT PACKING pc=0x0000016cb0e2c910 sp=0x00000004fe4fbee0
Event: 5.101 Thread 0x0000016cc5c98870 DEOPT UNPACKING pc=0x0000016cb08a69a3 sp=0x00000004fe4fbe60 mode 2
Event: 5.121 Thread 0x0000016cc5c98870 Uncommon trap: trap_request=0xffffff45 fr.pc=0x0000016cb0e90cc8 relative=0x0000000000000408
Event: 5.121 Thread 0x0000016cc5c98870 Uncommon trap: reason=unstable_if action=reinterpret pc=0x0000016cb0e90cc8 method=java.util.concurrent.ConcurrentHashMap.get(Ljava/lang/Object;)Ljava/lang/Object; @ 152 c2
Event: 5.121 Thread 0x0000016cc5c98870 DEOPT PACKING pc=0x0000016cb0e90cc8 sp=0x00000004fe4fb390
Event: 5.121 Thread 0x0000016cc5c98870 DEOPT UNPACKING pc=0x0000016cb08a69a3 sp=0x00000004fe4fb308 mode 2

Classes unloaded (0 events):
No events

Classes redefined (0 events):
No events

Internal exceptions (20 events):
Event: 1.674 Thread 0x0000016ca1860440 Exception <a 'java/lang/NoSuchMethodError'{0x0000000086c59ca8}: 'int java.lang.invoke.DirectMethodHandle$Holder.invokeSpecial(java.lang.Object, java.lang.Object, java.lang.Object)'> (0x0000000086c59ca8) 
thrown [s\src\hotspot\share\interpreter\linkResolver.cpp, line 759]
Event: 1.679 Thread 0x0000016ca1860440 Exception <a 'java/lang/NoSuchMethodError'{0x0000000086c6d580}: 'java.lang.Object java.lang.invoke.Invokers$Holder.invokeExact_MT(java.lang.Object, java.lang.Object, java.lang.Object, java.lang.Object)'> (0x0000000086c6d580) 
thrown [s\src\hotspot\share\interpreter\linkResolver.cpp, line 759]
Event: 2.817 Thread 0x0000016ca1860440 Exception <a 'java/lang/NoSuchMethodError'{0x0000000087bed130}: 'void java.lang.invoke.DirectMethodHandle$Holder.invokeInterface(java.lang.Object, java.lang.Object, java.lang.Object)'> (0x0000000087bed130) 
thrown [s\src\hotspot\share\interpreter\linkResolver.cpp, line 759]
Event: 3.993 Thread 0x0000016ca1860440 Exception <a 'java/lang/NoSuchMethodError'{0x000000008705a1a8}: 'java.lang.Object java.lang.invoke.DirectMethodHandle$Holder.invokeStaticInit(java.lang.Object)'> (0x000000008705a1a8) 
thrown [s\src\hotspot\share\interpreter\linkResolver.cpp, line 759]
Event: 4.029 Thread 0x0000016ca1860440 Exception <a 'java/lang/NoSuchMethodError'{0x00000000870b66a0}: 'java.lang.Object java.lang.invoke.DirectMethodHandle$Holder.invokeInterface(java.lang.Object, java.lang.Object)'> (0x00000000870b66a0) 
thrown [s\src\hotspot\share\interpreter\linkResolver.cpp, line 759]
Event: 4.192 Thread 0x0000016ca1860440 Exception <a 'java/lang/NoSuchMethodError'{0x0000000086a2c0d8}: 'java.lang.Object java.lang.invoke.DirectMethodHandle$Holder.invokeStaticInit(java.lang.Object, int, int, int, int)'> (0x0000000086a2c0d8) 
thrown [s\src\hotspot\share\interpreter\linkResolver.cpp, line 759]
Event: 4.292 Thread 0x0000016ca1860440 Exception <a 'java/lang/NoSuchMethodError'{0x0000000086aaeca0}: 'java.lang.Object java.lang.invoke.DirectMethodHandle$Holder.invokeStaticInit(java.lang.Object, java.lang.Object, int, int, int, int)'> (0x0000000086aaeca0) 
thrown [s\src\hotspot\share\interpreter\linkResolver.cpp, line 759]
Event: 4.647 Thread 0x0000016ca1860440 Exception <a 'java/lang/NoSuchMethodError'{0x0000000086857cd8}: 'void java.lang.invoke.DirectMethodHandle$Holder.invokeStatic(java.lang.Object, java.lang.Object, java.lang.Object)'> (0x0000000086857cd8) 
thrown [s\src\hotspot\share\interpreter\linkResolver.cpp, line 759]
Event: 4.691 Thread 0x0000016ca1860440 Exception <a 'java/io/IOException'{0x00000000868f3278}> (0x00000000868f3278) 
thrown [s\src\hotspot\share\prims\jni.cpp, line 516]
Event: 4.990 Thread 0x0000016cc5c98870 Exception <a 'java/lang/NoSuchMethodError'{0x00000000861c55e0}: 'long java.lang.invoke.DirectMethodHandle$Holder.invokeInterface(java.lang.Object, java.lang.Object)'> (0x00000000861c55e0) 
thrown [s\src\hotspot\share\interpreter\linkResolver.cpp, line 759]
Event: 4.998 Thread 0x0000016cc5c98870 Exception <a 'java/lang/NoSuchMethodError'{0x00000000861fb4c8}: 'java.lang.Object java.lang.invoke.DirectMethodHandle$Holder.invokeVirtual(java.lang.Object, java.lang.Object, java.lang.Object)'> (0x00000000861fb4c8) 
thrown [s\src\hotspot\share\interpreter\linkResolver.cpp, line 759]
Event: 5.109 Thread 0x0000016cc5c98870 Exception <a 'java/lang/NoSuchMethodError'{0x00000000859a4228}: 'java.lang.Object java.lang.invoke.DirectMethodHandle$Holder.newInvokeSpecial(java.lang.Object, java.lang.Object, java.lang.Object, java.lang.Object, java.lang.Object)'> (0x00000000859a4228) 
thrown [s\src\hotspot\share\interpreter\linkResolver.cpp, line 759]
Event: 5.163 Thread 0x0000016cc5c98870 Exception <a 'java/lang/NoSuchMethodError'{0x000000008574c6c0}: 'void java.lang.invoke.DirectMethodHandle$Holder.invokeSpecial(java.lang.Object, java.lang.Object, java.lang.Object)'> (0x000000008574c6c0) 
thrown [s\src\hotspot\share\interpreter\linkResolver.cpp, line 759]
Event: 5.185 Thread 0x0000016cc5c98870 Exception <a 'java/lang/NoSuchMethodError'{0x00000000857ce630}: 'java.lang.Object java.lang.invoke.DirectMethodHandle$Holder.newInvokeSpecial(java.lang.Object, java.lang.Object, java.lang.Object, java.lang.Object, java.lang.Object, java.lang.Object)'> (0x00000000857ce630) 
thrown [s\src\hotspot\share\interpreter\linkResolver.cpp, line 759]
Event: 5.188 Thread 0x0000016cc5c98870 Exception <a 'java/lang/NoSuchMethodError'{0x00000000857db650}: 'void java.lang.invoke.DirectMethodHandle$Holder.invokeSpecial(java.lang.Object, java.lang.Object, java.lang.Object, java.lang.Object, java.lang.Object)'> (0x00000000857db650) 
thrown [s\src\hotspot\share\interpreter\linkResolver.cpp, line 759]
Event: 5.304 Thread 0x0000016cc5c98870 Exception <a 'java/lang/NoSuchMethodError'{0x0000000085466ec8}: 'void java.lang.invoke.DelegatingMethodHandle$Holder.reinvoke_L(java.lang.Object, java.lang.Object, java.lang.Object, java.lang.Object, java.lang.Object, java.lang.Object, java.lang.Object, java.lang.Object, java.lang.Object, java.lang.Object, java.lang.Object)'> (0x0000000085466ec8) 
thrown [s\src\hotspot\share\interpreter\linkResolver.cpp, line 759]
Event: 5.305 Thread 0x0000016cc5c98870 Exception <a 'java/lang/NoSuchMethodError'{0x000000008546f9c8}: 'java.lang.Object java.lang.invoke.DirectMethodHandle$Holder.invokeSpecial(java.lang.Object, java.lang.Object, java.lang.Object, java.lang.Object, java.lang.Object, java.lang.Object, java.lang.Object, java.lang.Object, java.lang.Object, java.lang.Object, java.lang.Object)'> (0x000000008546f9c8) 
thrown [s\src\hotspot\share\interpreter\linkResolver.cpp, line 759]
Event: 5.305 Thread 0x0000016cc5c98870 Exception <a 'java/lang/NoSuchMethodError'{0x0000000085474490}: 'java.lang.Object java.lang.invoke.Invokers$Holder.invoker(java.lang.Object, java.lang.Object, java.lang.Object, java.lang.Object, java.lang.Object, java.lang.Object, java.lang.Object, java.lang.Object, java.lang.Object, java.lang.Object, java.lang.Object)'> (0x0000000085474490) 
thrown [s\src\hotspot\share\interpreter\linkResolver.cpp, line 759]
Event: 5.306 Thread 0x0000016cc5c98870 Exception <a 'java/lang/NoSuchMethodError'{0x000000008547a288}: 'java.lang.Object java.lang.invoke.DirectMethodHandle$Holder.invokeSpecial(java.lang.Object, java.lang.Object, java.lang.Object, java.lang.Object, java.lang.Object, java.lang.Object, java.lang.Object, java.lang.Object, java.lang.Object, java.lang.Object, java.lang.Object, java.lang.Object)'> (0x000000008547a288) 
thrown [s\src\hotspot\share\interpreter\linkResolver.cpp, line 759]
Event: 5.344 Thread 0x0000016cc5c98870 Exception <a 'java/lang/NoSuchMethodError'{0x0000000085387020}: 'java.lang.Object java.lang.invoke.DirectMethodHandle$Holder.invokeSpecial(java.lang.Object, java.lang.Object, java.lang.Object, java.lang.Object, java.lang.Object, java.lang.Object, java.lang.Object, java.lang.Object, java.lang.Object)'> (0x0000000085387020) 
thrown [s\src\hotspot\share\interpreter\linkResolver.cpp, line 759]

VM Operations (20 events):
Event: 3.934 Executing VM operation: HandshakeAllThreads
Event: 3.934 Executing VM operation: HandshakeAllThreads done
Event: 3.980 Executing VM operation: HandshakeAllThreads
Event: 3.980 Executing VM operation: HandshakeAllThreads done
Event: 4.023 Executing VM operation: HandshakeAllThreads
Event: 4.023 Executing VM operation: HandshakeAllThreads done
Event: 4.102 Executing VM operation: HandshakeAllThreads
Event: 4.102 Executing VM operation: HandshakeAllThreads done
Event: 4.171 Executing VM operation: HandshakeAllThreads
Event: 4.171 Executing VM operation: HandshakeAllThreads done
Event: 4.285 Executing VM operation: HandshakeAllThreads
Event: 4.285 Executing VM operation: HandshakeAllThreads done
Event: 4.644 Executing VM operation: HandshakeAllThreads
Event: 4.645 Executing VM operation: HandshakeAllThreads done
Event: 4.645 Executing VM operation: Cleanup
Event: 4.646 Executing VM operation: Cleanup done
Event: 4.753 Executing VM operation: HandshakeAllThreads
Event: 4.753 Executing VM operation: HandshakeAllThreads done
Event: 4.820 Executing VM operation: HandshakeAllThreads
Event: 4.820 Executing VM operation: HandshakeAllThreads done

Events (20 events):
Event: 5.120 loading class jdk/internal/vm/annotation/IntrinsicCandidate
Event: 5.120 loading class jdk/internal/vm/annotation/IntrinsicCandidate done
Event: 5.127 loading class java/util/stream/MatchOps$MatchKind
Event: 5.127 loading class java/util/stream/MatchOps$MatchKind done
Event: 5.127 loading class java/util/stream/MatchOps
Event: 5.127 loading class java/util/stream/MatchOps done
Event: 5.127 loading class java/util/stream/MatchOps$MatchOp
Event: 5.127 loading class java/util/stream/MatchOps$MatchOp done
Event: 5.127 loading class java/util/stream/MatchOps$BooleanTerminalSink
Event: 5.127 loading class java/util/stream/MatchOps$BooleanTerminalSink done
Event: 5.128 loading class java/util/stream/MatchOps$1MatchSink
Event: 5.128 loading class java/util/stream/MatchOps$1MatchSink done
Event: 5.212 loading class java/lang/invoke/MethodHandle$1
Event: 5.212 loading class java/lang/invoke/MethodHandle$1 done
Event: 5.218 loading class java/util/ConcurrentModificationException
Event: 5.218 loading class java/util/ConcurrentModificationException done
Event: 5.266 loading class sun/reflect/generics/scope/ConstructorScope
Event: 5.267 loading class sun/reflect/generics/scope/ConstructorScope done
Event: 5.267 loading class sun/reflect/generics/tree/VoidDescriptor
Event: 5.267 loading class sun/reflect/generics/tree/VoidDescriptor done


Dynamic libraries:
0x00007ff75fc90000 - 0x00007ff75fc9e000 	C:\Program Files\Eclipse Adoptium\jdk-17.0.7.7-hotspot\bin\java.exe
0x00007ffb91810000 - 0x00007ffb91a07000 	C:\WINDOWS\SYSTEM32\ntdll.dll
0x00007ffb90600000 - 0x00007ffb906bd000 	C:\WINDOWS\System32\KERNEL32.DLL
0x00007ffb8f0d0000 - 0x00007ffb8f3c6000 	C:\WINDOWS\System32\KERNELBASE.dll
0x000000005b020000 - 0x000000005b352000 	C:\Program Files\Norton Security\NortonData\22.20.5.40\Definitions\IPSDefs\20231018.001\IPSEng64.dll
0x00007ffb91520000 - 0x00007ffb915ce000 	C:\WINDOWS\System32\ADVAPI32.dll
0x00007ffb90280000 - 0x00007ffb9031e000 	C:\WINDOWS\System32\msvcrt.dll
0x00007ffb8fa80000 - 0x00007ffb8fb1c000 	C:\WINDOWS\System32\sechost.dll
0x00007ffb90720000 - 0x00007ffb90846000 	C:\WINDOWS\System32\RPCRT4.dll
0x00007ffb8fa70000 - 0x00007ffb8fa78000 	C:\WINDOWS\System32\PSAPI.DLL
0x00007ffb8f4a0000 - 0x00007ffb8f5a0000 	C:\WINDOWS\System32\ucrtbase.dll
0x00007ffb52640000 - 0x00007ffb52657000 	C:\Program Files\Eclipse Adoptium\jdk-17.0.7.7-hotspot\bin\jli.dll
0x00007ffb582f0000 - 0x00007ffb58309000 	C:\Program Files\Eclipse Adoptium\jdk-17.0.7.7-hotspot\bin\VCRUNTIME140.dll
0x00007ffb8f870000 - 0x00007ffb8fa0e000 	C:\WINDOWS\System32\USER32.dll
0x00007ffb8f700000 - 0x00007ffb8f722000 	C:\WINDOWS\System32\win32u.dll
0x00007ffb917a0000 - 0x00007ffb917cc000 	C:\WINDOWS\System32\GDI32.dll
0x00007ffb8ef40000 - 0x00007ffb8f05a000 	C:\WINDOWS\System32\gdi32full.dll
0x00007ffb720d0000 - 0x00007ffb7236a000 	C:\WINDOWS\WinSxS\amd64_microsoft.windows.common-controls_6595b64144ccf1df_6.0.19041.3570_none_60bb2a3971f3e41a\COMCTL32.dll
0x00007ffb8f400000 - 0x00007ffb8f49d000 	C:\WINDOWS\System32\msvcp_win.dll
0x00007ffb915f0000 - 0x00007ffb91620000 	C:\WINDOWS\System32\IMM32.DLL
0x00007ffb65120000 - 0x00007ffb6512c000 	C:\Program Files\Eclipse Adoptium\jdk-17.0.7.7-hotspot\bin\vcruntime140_1.dll
0x00007ffb46cc0000 - 0x00007ffb46d51000 	C:\Program Files\Eclipse Adoptium\jdk-17.0.7.7-hotspot\bin\msvcp140.dll
0x00007ffb3af60000 - 0x00007ffb3bba8000 	C:\Program Files\Eclipse Adoptium\jdk-17.0.7.7-hotspot\bin\server\jvm.dll
0x00007ffb80d80000 - 0x00007ffb80d89000 	C:\WINDOWS\SYSTEM32\WSOCK32.dll
0x00007ffb76360000 - 0x00007ffb76387000 	C:\WINDOWS\SYSTEM32\WINMM.dll
0x00007ffb90590000 - 0x00007ffb905fb000 	C:\WINDOWS\System32\WS2_32.dll
0x00007ffb870f0000 - 0x00007ffb870fa000 	C:\WINDOWS\SYSTEM32\VERSION.dll
0x00007ffb8cd50000 - 0x00007ffb8cd62000 	C:\WINDOWS\SYSTEM32\kernel.appcore.dll
0x00007ffb64f10000 - 0x00007ffb64f1a000 	C:\Program Files\Eclipse Adoptium\jdk-17.0.7.7-hotspot\bin\jimage.dll
0x00007ffb81770000 - 0x00007ffb81954000 	C:\WINDOWS\SYSTEM32\DBGHELP.DLL
0x00007ffb81730000 - 0x00007ffb81764000 	C:\WINDOWS\SYSTEM32\dbgcore.DLL
0x00007ffb8f730000 - 0x00007ffb8f7b2000 	C:\WINDOWS\System32\bcryptPrimitives.dll
0x00007ffb4e7a0000 - 0x00007ffb4e7c5000 	C:\Program Files\Eclipse Adoptium\jdk-17.0.7.7-hotspot\bin\java.dll
0x00007ffb45f90000 - 0x00007ffb46066000 	C:\Program Files\Eclipse Adoptium\jdk-17.0.7.7-hotspot\bin\jsvml.dll
0x00007ffb8fb30000 - 0x00007ffb90274000 	C:\WINDOWS\System32\SHELL32.dll
0x00007ffb8cf50000 - 0x00007ffb8d6eb000 	C:\WINDOWS\SYSTEM32\windows.storage.dll
0x00007ffb910f0000 - 0x00007ffb91444000 	C:\WINDOWS\System32\combase.dll
0x00007ffb8e930000 - 0x00007ffb8e95d000 	C:\WINDOWS\SYSTEM32\Wldp.dll
0x00007ffb904e0000 - 0x00007ffb9058d000 	C:\WINDOWS\System32\SHCORE.dll
0x00007ffb90980000 - 0x00007ffb909d5000 	C:\WINDOWS\System32\shlwapi.dll
0x00007ffb8ee20000 - 0x00007ffb8ee45000 	C:\WINDOWS\SYSTEM32\profapi.dll
0x00007ffb4e540000 - 0x00007ffb4e559000 	C:\Program Files\Eclipse Adoptium\jdk-17.0.7.7-hotspot\bin\net.dll
0x00007ffb862f0000 - 0x00007ffb863fa000 	C:\WINDOWS\SYSTEM32\WINHTTP.dll
0x00007ffb8e650000 - 0x00007ffb8e6ba000 	C:\WINDOWS\system32\mswsock.dll
0x00007ffb4da70000 - 0x00007ffb4da85000 	C:\Program Files\Eclipse Adoptium\jdk-17.0.7.7-hotspot\bin\nio.dll
0x00007ffb4d880000 - 0x00007ffb4d898000 	C:\Program Files\Eclipse Adoptium\jdk-17.0.7.7-hotspot\bin\zip.dll
0x00007ffb62230000 - 0x00007ffb62240000 	C:\Program Files\Eclipse Adoptium\jdk-17.0.7.7-hotspot\bin\verify.dll
0x00007ffb6c780000 - 0x00007ffb6c7a7000 	C:\Users\javie\.gradle\native\68d5fa5c4cc2d200863cafc0d521ce42e7d3e7ee720ec0a83991735586a16f82\windows-amd64\native-platform.dll
0x00007ffb410e0000 - 0x00007ffb41224000 	C:\Users\javie\.gradle\native\e376f236ea51e6404a007f0833ffe2c6e607c4080706a723a18a27aeea778392\windows-amd64\native-platform-file-events.dll
0x00007ffb8ace0000 - 0x00007ffb8ace9000 	C:\Program Files\Eclipse Adoptium\jdk-17.0.7.7-hotspot\bin\management.dll
0x00007ffb80b70000 - 0x00007ffb80b7b000 	C:\Program Files\Eclipse Adoptium\jdk-17.0.7.7-hotspot\bin\management_ext.dll
0x00007ffb8e860000 - 0x00007ffb8e878000 	C:\WINDOWS\SYSTEM32\CRYPTSP.dll
0x00007ffb8def0000 - 0x00007ffb8df24000 	C:\WINDOWS\system32\rsaenh.dll
0x00007ffb8f3d0000 - 0x00007ffb8f3f7000 	C:\WINDOWS\System32\bcrypt.dll
0x00007ffb8ede0000 - 0x00007ffb8ee0e000 	C:\WINDOWS\SYSTEM32\USERENV.dll
0x00007ffb8e880000 - 0x00007ffb8e88c000 	C:\WINDOWS\SYSTEM32\CRYPTBASE.dll
0x00007ffb8e300000 - 0x00007ffb8e33b000 	C:\WINDOWS\SYSTEM32\IPHLPAPI.DLL
0x00007ffb909e0000 - 0x00007ffb909e8000 	C:\WINDOWS\System32\NSI.dll
0x00007ffb888f0000 - 0x00007ffb88907000 	C:\WINDOWS\SYSTEM32\dhcpcsvc6.DLL
0x00007ffb88800000 - 0x00007ffb8881d000 	C:\WINDOWS\SYSTEM32\dhcpcsvc.DLL
0x00007ffb8e350000 - 0x00007ffb8e41a000 	C:\WINDOWS\SYSTEM32\DNSAPI.dll
0x00007ffb80b60000 - 0x00007ffb80b6e000 	C:\Program Files\Eclipse Adoptium\jdk-17.0.7.7-hotspot\bin\sunmscapi.dll
0x00007ffb8f5a0000 - 0x00007ffb8f6fd000 	C:\WINDOWS\System32\CRYPT32.dll
0x00007ffb8e9a0000 - 0x00007ffb8e9c7000 	C:\WINDOWS\SYSTEM32\ncrypt.dll
0x00007ffb8e960000 - 0x00007ffb8e99b000 	C:\WINDOWS\SYSTEM32\NTASN1.dll
0x00007ffb72720000 - 0x00007ffb72727000 	C:\WINDOWS\system32\wshunix.dll

dbghelp: loaded successfully - version: 4.0.5 - missing functions: none
symbol engine: initialized successfully - sym options: 0x614 - pdb path: .;C:\Program Files\Eclipse Adoptium\jdk-17.0.7.7-hotspot\bin;C:\WINDOWS\SYSTEM32;C:\Program Files\Norton Security\NortonData\22.20.5.40\Definitions\IPSDefs\20231018.001;C:\WINDOWS\WinSxS\amd64_microsoft.windows.common-controls_6595b64144ccf1df_6.0.19041.3570_none_60bb2a3971f3e41a;C:\Program Files\Eclipse Adoptium\jdk-17.0.7.7-hotspot\bin\server;C:\Users\javie\.gradle\native\68d5fa5c4cc2d200863cafc0d521ce42e7d3e7ee720ec0a83991735586a16f82\windows-amd64;C:\Users\javie\.gradle\native\e376f236ea51e6404a007f0833ffe2c6e607c4080706a723a18a27aeea778392\windows-amd64

VM Arguments:
jvm_args: -XX:MaxMetaspaceSize=512m --add-opens=java.base/java.util=ALL-UNNAMED --add-opens=java.base/java.lang=ALL-UNNAMED --add-opens=java.base/java.lang.invoke=ALL-UNNAMED --add-opens=java.prefs/java.util.prefs=ALL-UNNAMED --add-opens=java.base/java.nio.charset=ALL-UNNAMED --add-opens=java.base/java.net=ALL-UNNAMED --add-opens=java.base/java.util.concurrent.atomic=ALL-UNNAMED -Xmx2048m -Dfile.encoding=UTF-8 -Duser.country=ES -Duser.language=es -Duser.variant 
java_command: org.gradle.launcher.daemon.bootstrap.GradleDaemon 8.0.1
java_class_path (initial): C:\Users\javie\.gradle\wrapper\dists\gradle-8.0.1-all\aro4hu1c3oeioove7l0i4i14o\gradle-8.0.1\lib\gradle-launcher-8.0.1.jar
Launcher Type: SUN_STANDARD

[Global flags]
     intx CICompilerCount                          = 4                                         {product} {ergonomic}
   size_t CompressedClassSpaceSize                 = 436207616                                 {product} {ergonomic}
     uint ConcGCThreads                            = 2                                         {product} {ergonomic}
     uint G1ConcRefinementThreads                  = 8                                         {product} {ergonomic}
   size_t G1HeapRegionSize                         = 1048576                                   {product} {ergonomic}
    uintx GCDrainStackTargetSize                   = 64                                        {product} {ergonomic}
   size_t InitialHeapSize                          = 132120576                                 {product} {ergonomic}
   size_t MarkStackSize                            = 4194304                                   {product} {ergonomic}
   size_t MaxHeapSize                              = 2147483648                                {product} {command line}
   size_t MaxMetaspaceSize                         = 536870912                                 {product} {command line}
   size_t MaxNewSize                               = 1287651328                                {product} {ergonomic}
   size_t MinHeapDeltaBytes                        = 1048576                                   {product} {ergonomic}
   size_t MinHeapSize                              = 8388608                                   {product} {ergonomic}
    uintx NonNMethodCodeHeapSize                   = 5839372                                {pd product} {ergonomic}
    uintx NonProfiledCodeHeapSize                  = 122909434                              {pd product} {ergonomic}
    uintx ProfiledCodeHeapSize                     = 122909434                              {pd product} {ergonomic}
    uintx ReservedCodeCacheSize                    = 251658240                              {pd product} {ergonomic}
     bool SegmentedCodeCache                       = true                                      {product} {ergonomic}
   size_t SoftMaxHeapSize                          = 2147483648                             {manageable} {ergonomic}
     bool UseCompressedClassPointers               = true                           {product lp64_product} {ergonomic}
     bool UseCompressedOops                        = true                           {product lp64_product} {ergonomic}
     bool UseG1GC                                  = true                                      {product} {ergonomic}
     bool UseLargePagesIndividualAllocation        = false                                  {pd product} {ergonomic}

Logging:
Log output configuration:
 #0: stdout all=warning uptime,level,tags
 #1: stderr all=off uptime,level,tags

Environment Variables:
JAVA_HOME=C:\Program Files\Eclipse Adoptium\jdk-17.0.7.7-hotspot
CLASSPATH=C:\Users\javie\Desktop\PROYECTOS 2023\React Native\Web_View\App_Mobile_LoginRegistro_Native_Spring\android\\gradle\wrapper\gradle-wrapper.jar
PATH=C:\Users\javie\Desktop\PROYECTOS 2023\React Native\Web_View\App_Mobile_LoginRegistro_Native_Spring\node_modules\.bin;C:\Users\javie\Desktop\PROYECTOS 2023\React Native\Web_View\App_Mobile_LoginRegistro_Native_Spring\node_modules\.bin;C:\Users\javie\Desktop\PROYECTOS 2023\React Native\Web_View\node_modules\.bin;C:\Users\javie\Desktop\PROYECTOS 2023\React Native\node_modules\.bin;C:\Users\javie\Desktop\PROYECTOS 2023\node_modules\.bin;C:\Users\javie\Desktop\node_modules\.bin;C:\Users\javie\node_modules\.bin;C:\Users\node_modules\.bin;C:\node_modules\.bin;C:\Users\javie\AppData\Roaming\npm\node_modules\npm\node_modules\@npmcli\run-script\lib\node-gyp-bin;C:\Program Files\Eclipse Adoptium\jdk-17.0.7.7-hotspot\bin;C:\Program Files (x86)\Common Files\Intel\Shared Libraries\redist\intel64\compiler;C:\Windows\system32;C:\Windows;C:\Windows\System32\Wbem;C:\Windows\System32\WindowsPowerShell\v1.0\;C:\Windows\System32\OpenSSH\;C:\Program Files (x86)\NVIDIA Corporation\PhysX\Common;C:\Program Files\NVIDIA Corporation\NVIDIA NvDLISR;C:\WINDOWS\system32;C:\WINDOWS;C:\WINDOWS\System32\Wbem;C:\WINDOWS\System32\WindowsPowerShell\v1.0\;C:\WINDOWS\System32\OpenSSH\;C:\Program Files\Git\cmd;C:\ProgramData\chocolatey\bin;C:\Program Files\Eclipse Adoptium\jdk-17.0.7.7-hotspot\bin;C:\Users\javie\AppData\Local\Android\Sdk\platform-tools;C:\Users\javie\AppData\Local\Android\Sdk\tools;C:\Users\javie\AppData\Local\Android\Sdk\tools\bin;C:\Program Files\nodejs\;C:\Program Files\bundletool;C:\Program Files\MongoDB\Server\6.0\bin;c:\Program Files (x86)\Microsoft SQL Server\100\Tools\Binn\;c:\Program Files\Microsoft SQL Server\100\Tools\Binn\;c:\Program Files\Microsoft SQL Server\100\DTS\Binn\;c:\Program Files (x86)\Microsoft SQL Server\100\Tools\Binn\VSShell\Common7\IDE\;c:\Program Files (x86)\Microsoft SQL Server\100\DTS\Binn\;C:\Program Files\MySQL\MySQL Server 8.0\bin;C:\Program Files\apache-maven-3.8.8\bin;;C:\Program Files\Docker\Docker\resources\bin;C:\Program Files\PuTTY\;C:\Program Fi
USERNAME=javie
OS=Windows_NT
PROCESSOR_IDENTIFIER=Intel64 Family 6 Model 165 Stepping 2, GenuineIntel
TMP=C:\Users\javie\AppData\Local\Temp
TEMP=C:\Users\javie\AppData\Local\Temp



---------------  S Y S T E M  ---------------

OS:
 Windows 10 , 64 bit Build 19041 (10.0.19041.3570)
OS uptime: 3 days 16:13 hours
Hyper-V role detected

CPU: total 8 (initial active 8) (4 cores per cpu, 2 threads per core) family 6 model 165 stepping 2 microcode 0xc8, cx8, cmov, fxsr, ht, mmx, 3dnowpref, sse, sse2, sse3, ssse3, sse4.1, sse4.2, popcnt, lzcnt, tsc, tscinvbit, avx, avx2, aes, erms, clmul, bmi1, bmi2, adx, fma, vzeroupper, clflush, clflushopt, hv

Memory: 4k page, system-wide physical 8013M (194M free)
TotalPageFile size 32589M (AvailPageFile size 0M)
current process WorkingSet (physical memory assigned to process): 134M, peak: 134M
current process commit charge ("private bytes"): 252M, peak: 252M

vm_info: OpenJDK 64-Bit Server VM (17.0.7+7) for windows-amd64 JRE (17.0.7+7), built on Apr 18 2023 22:10:42 by "temurin" with MS VC++ 16.7 (VS2019)

END.
