#
# There is insufficient memory for the Java Runtime Environment to continue.
# Native memory allocation (malloc) failed to allocate 2303856 bytes for Chunk::new
# Possible reasons:
#   The system is out of physical RAM or swap space
#   The process is running with CompressedOops enabled, and the Java Heap may be blocking the growth of the native heap
# Possible solutions:
#   Reduce memory load on the system
#   Increase physical memory or swap space
#   Check if swap backing store is full
#   Decrease Java heap size (-Xmx/-Xms)
#   Decrease number of Java threads
#   Decrease Java thread stack sizes (-Xss)
#   Set larger code cache with -XX:ReservedCodeCacheSize=
#   JVM is running with Unscaled Compressed Oops mode in which the Java heap is
#     placed in the first 4GB address space. The Java Heap base address is the
#     maximum limit for the native heap growth. Please use -XX:HeapBaseMinAddress
#     to set the Java Heap base and to place the Java Heap above 4GB virtual address.
# This output file may be truncated or incomplete.
#
#  Out of Memory Error (arena.cpp:189), pid=9116, tid=8512
#
# JRE version: OpenJDK Runtime Environment Temurin-17.0.7+7 (17.0.7+7) (build 17.0.7+7)
# Java VM: OpenJDK 64-Bit Server VM Temurin-17.0.7+7 (17.0.7+7, mixed mode, sharing, tiered, compressed oops, compressed class ptrs, g1 gc, windows-amd64)
# No core dump will be written. Minidumps are not enabled by default on client versions of Windows
#

---------------  S U M M A R Y ------------

Command Line: -XX:MaxMetaspaceSize=512m --add-opens=java.base/java.util=ALL-UNNAMED --add-opens=java.base/java.lang=ALL-UNNAMED --add-opens=java.base/java.lang.invoke=ALL-UNNAMED --add-opens=java.prefs/java.util.prefs=ALL-UNNAMED --add-opens=java.base/java.nio.charset=ALL-UNNAMED --add-opens=java.base/java.net=ALL-UNNAMED --add-opens=java.base/java.util.concurrent.atomic=ALL-UNNAMED -Xmx2048m -Dfile.encoding=UTF-8 -Duser.country=ES -Duser.language=es -Duser.variant org.gradle.launcher.daemon.bootstrap.GradleDaemon 8.0.1

Host: Intel(R) Core(TM) i5-10300H CPU @ 2.50GHz, 8 cores, 7G,  Windows 10 , 64 bit Build 19041 (10.0.19041.3570)
Time: Thu Oct 19 20:23:12 2023 Hora estándar de Argentina elapsed time: 39.352752 seconds (0d 0h 0m 39s)

---------------  T H R E A D  ---------------

Current thread (0x00000150fb9c1900):  JavaThread "C2 CompilerThread1" daemon [_thread_in_native, id=8512, stack(0x0000004876600000,0x0000004876700000)]


Current CompileTask:
C2:  39352 10307       4       org.gradle.internal.instantiation.generator.AbstractClassGenerator::inspectType (560 bytes)

Stack: [0x0000004876600000,0x0000004876700000]
Native frames: (J=compiled Java code, j=interpreted, Vv=VM code, C=native code)
V  [jvm.dll+0x67754a]
V  [jvm.dll+0x834304]
V  [jvm.dll+0x835aae]
V  [jvm.dll+0x836113]
V  [jvm.dll+0x24696f]
V  [jvm.dll+0xac0ac]
V  [jvm.dll+0xac67c]
V  [jvm.dll+0x364e37]
V  [jvm.dll+0x1bcde8]
V  [jvm.dll+0x219799]
V  [jvm.dll+0x218a61]
V  [jvm.dll+0x1a4d8d]
V  [jvm.dll+0x2284da]
V  [jvm.dll+0x226615]
V  [jvm.dll+0x7ea90b]
V  [jvm.dll+0x7e4e7a]
V  [jvm.dll+0x676395]
C  [ucrtbase.dll+0x21bb2]
C  [KERNEL32.DLL+0x17344]
C  [ntdll.dll+0x526b1]


---------------  P R O C E S S  ---------------

Threads class SMR info:
_java_thread_list=0x00000150feec2360, length=136, elements={
0x00000150d7fae310, 0x00000150f63da820, 0x00000150f63dca70, 0x00000150f63eb890,
0x00000150f63ec440, 0x00000150f63eef00, 0x00000150f63ef8b0, 0x00000150f63f15a0,
0x00000150f63f45b0, 0x00000150f63f5fb0, 0x00000150f6685ad0, 0x00000150f66863b0,
0x00000150fc72da90, 0x00000150fc8f1cd0, 0x00000150fc59cda0, 0x00000150fc59e5b0,
0x00000150fc59c400, 0x00000150fc59c8d0, 0x00000150fc59ea80, 0x00000150fc59ba60,
0x00000150fc59d270, 0x00000150fc59d740, 0x00000150fc59dc10, 0x00000150fc59ef50,
0x00000150fc59bf30, 0x00000150fc59e0e0, 0x00000150fc59f420, 0x00000150fd6e5450,
0x00000150fd6eafc0, 0x00000150fd6eb960, 0x00000150fd6e6790, 0x00000150fd6ebe30,
0x00000150fd6e7600, 0x00000150fd6e5df0, 0x00000150fd6eb490, 0x00000150fd6e8940,
0x00000150fd6eaaf0, 0x00000150fd6e6c60, 0x00000150fd6e5920, 0x00000150fd6ec300,
0x00000150fd6e4ab0, 0x00000150fd6e4f80, 0x00000150fd6e7130, 0x00000150fd6e7fa0,
0x00000150fd6e8e10, 0x00000150fd6e92e0, 0x00000150fd6e97b0, 0x00000150fd6e9c80,
0x00000150fc1d7240, 0x00000150fc1d3880, 0x00000150fc1d68a0, 0x00000150fc1d5560,
0x00000150fc1d6d70, 0x00000150fc1d33b0, 0x00000150fc1d7710, 0x00000150fc1d8f20,
0x00000150fc1d3d50, 0x00000150fc1d7be0, 0x00000150fc1d5090, 0x00000150fc1d80b0,
0x00000150fc1d4220, 0x00000150fc1d8580, 0x00000150fc1d2ee0, 0x00000150fc1d8a50,
0x00000150fc1d46f0, 0x00000150fc1d2a10, 0x00000150fc1d4bc0, 0x00000150fc1d5a30,
0x00000150fc1d63d0, 0x00000150fc1d93f0, 0x00000150fc1d2070, 0x00000150feccef30,
0x00000150fecd2420, 0x00000150feccfda0, 0x00000150fecd5910, 0x00000150feccea60,
0x00000150fecd0740, 0x00000150fecd0270, 0x00000150feccf400, 0x00000150fecd0c10,
0x00000150fecd1a80, 0x00000150fecd15b0, 0x00000150fecd3c30, 0x00000150feccf8d0,
0x00000150fecd28f0, 0x00000150fecd1f50, 0x00000150fecd4100, 0x00000150fecd2dc0,
0x00000150fecce590, 0x00000150fecd10e0, 0x00000150fecd4f70, 0x00000150fecd3290,
0x00000150fecd3760, 0x00000150fecd5440, 0x00000150fecce0c0, 0x00000150fba245d0,
0x00000150fba26780, 0x00000150fba24aa0, 0x00000150fba24100, 0x00000150fba25440,
0x00000150fba23290, 0x00000150fba24f70, 0x00000150fba26c50, 0x00000150fba262b0,
0x00000150fba25910, 0x00000150fba23c30, 0x00000150fba19010, 0x00000150fba199b0,
0x00000150fba19e80, 0x00000150fba1c9d0, 0x00000150fba1a350, 0x00000150fba1bb60,
0x00000150fba1acf0, 0x00000150fba1b1c0, 0x00000150fba17cd0, 0x00000150fba1d840,
0x00000150fba1d370, 0x00000150fba1c500, 0x00000150fba1cea0, 0x00000150fba194e0,
0x00000150fba1a820, 0x00000150fba1dd10, 0x00000150fba1e1e0, 0x00000150fba1b690,
0x00000150fba1e6b0, 0x00000150fba181a0, 0x00000150fba1eb80, 0x00000150fba1f050,
0x00000150fba18670, 0x00000150fba1f520, 0x00000150fba18b40, 0x00000150fefd2d40,
0x00000150fefd4550, 0x00000150fefd7570, 0x00000150fefd53c0, 0x00000150fb9c1900
}

Java Threads: ( => current thread )
  0x00000150d7fae310 JavaThread "main" [_thread_blocked, id=23120, stack(0x000000486ce00000,0x000000486cf00000)]
  0x00000150f63da820 JavaThread "Reference Handler" daemon [_thread_blocked, id=23792, stack(0x000000486d500000,0x000000486d600000)]
  0x00000150f63dca70 JavaThread "Finalizer" daemon [_thread_blocked, id=22960, stack(0x000000486d600000,0x000000486d700000)]
  0x00000150f63eb890 JavaThread "Signal Dispatcher" daemon [_thread_blocked, id=25204, stack(0x000000486d700000,0x000000486d800000)]
  0x00000150f63ec440 JavaThread "Attach Listener" daemon [_thread_blocked, id=12796, stack(0x000000486d800000,0x000000486d900000)]
  0x00000150f63eef00 JavaThread "Service Thread" daemon [_thread_blocked, id=20800, stack(0x000000486d900000,0x000000486da00000)]
  0x00000150f63ef8b0 JavaThread "Monitor Deflation Thread" daemon [_thread_blocked, id=25672, stack(0x000000486da00000,0x000000486db00000)]
  0x00000150f63f15a0 JavaThread "C2 CompilerThread0" daemon [_thread_in_native, id=17836, stack(0x000000486db00000,0x000000486dc00000)]
  0x00000150f63f45b0 JavaThread "C1 CompilerThread0" daemon [_thread_in_vm, id=3552, stack(0x000000486dc00000,0x000000486dd00000)]
  0x00000150f63f5fb0 JavaThread "Sweeper thread" daemon [_thread_blocked, id=8020, stack(0x000000486dd00000,0x000000486de00000)]
  0x00000150f6685ad0 JavaThread "Common-Cleaner" daemon [_thread_blocked, id=27104, stack(0x000000486de00000,0x000000486df00000)]
  0x00000150f66863b0 JavaThread "Notification Thread" daemon [_thread_blocked, id=26644, stack(0x000000486df00000,0x000000486e000000)]
  0x00000150fc72da90 JavaThread "Daemon health stats" [_thread_blocked, id=18320, stack(0x000000486e400000,0x000000486e500000)]
  0x00000150fc8f1cd0 JavaThread "Incoming local TCP Connector on port 58469" [_thread_in_native, id=16040, stack(0x000000486e500000,0x000000486e600000)]
  0x00000150fc59cda0 JavaThread "Daemon periodic checks" [_thread_blocked, id=26756, stack(0x000000486e600000,0x000000486e700000)]
  0x00000150fc59e5b0 JavaThread "Daemon" [_thread_blocked, id=9940, stack(0x000000486e700000,0x000000486e800000)]
  0x00000150fc59c400 JavaThread "Handler for socket connection from /127.0.0.1:58469 to /127.0.0.1:58470" [_thread_in_native, id=15180, stack(0x000000486e800000,0x000000486e900000)]
  0x00000150fc59c8d0 JavaThread "Cancel handler" [_thread_blocked, id=10472, stack(0x000000486e900000,0x000000486ea00000)]
  0x00000150fc59ea80 JavaThread "Daemon worker" [_thread_in_Java, id=26664, stack(0x000000486ea00000,0x000000486eb00000)]
  0x00000150fc59ba60 JavaThread "Asynchronous log dispatcher for DefaultDaemonConnection: socket connection from /127.0.0.1:58469 to /127.0.0.1:58470" [_thread_blocked, id=18992, stack(0x000000486eb00000,0x000000486ec00000)]
  0x00000150fc59d270 JavaThread "Stdin handler" [_thread_blocked, id=19496, stack(0x000000486ec00000,0x000000486ed00000)]
  0x00000150fc59d740 JavaThread "Daemon client event forwarder" [_thread_blocked, id=17468, stack(0x000000486ed00000,0x000000486ee00000)]
  0x00000150fc59dc10 JavaThread "Cache worker for journal cache (C:\Users\javie\.gradle\caches\journal-1)" [_thread_blocked, id=16760, stack(0x000000486ee00000,0x000000486ef00000)]
  0x00000150fc59ef50 JavaThread "File lock request listener" [_thread_in_native, id=23380, stack(0x000000486ef00000,0x000000486f000000)]
  0x00000150fc59bf30 JavaThread "Cache worker for file hash cache (C:\Users\javie\.gradle\caches\8.0.1\fileHashes)" [_thread_blocked, id=7336, stack(0x000000486f000000,0x000000486f100000)]
  0x00000150fc59e0e0 JavaThread "File watcher server" daemon [_thread_in_native, id=2080, stack(0x000000486f500000,0x000000486f600000)]
  0x00000150fc59f420 JavaThread "File watcher consumer" daemon [_thread_blocked, id=26460, stack(0x000000486f600000,0x000000486f700000)]
  0x00000150fd6e5450 JavaThread "Cache worker for checksums cache (C:\Users\javie\Desktop\PROYECTOS 2023\React Native\Web_View\App_Mobile_LoginRegistro_Native_Spring\android\.gradle\8.0.1\checksums)" [_thread_blocked, id=20912, stack(0x000000486f700000,0x000000486f800000)]
  0x00000150fd6eafc0 JavaThread "Cache worker for cache directory md-rule (C:\Users\javie\.gradle\caches\8.0.1\md-rule)" [_thread_blocked, id=20676, stack(0x000000486f800000,0x000000486f900000)]
  0x00000150fd6eb960 JavaThread "Cache worker for file content cache (C:\Users\javie\.gradle\caches\8.0.1\fileContent)" [_thread_blocked, id=21404, stack(0x000000486f900000,0x000000486fa00000)]
  0x00000150fd6e6790 JavaThread "Cache worker for file hash cache (C:\Users\javie\Desktop\PROYECTOS 2023\React Native\Web_View\App_Mobile_LoginRegistro_Native_Spring\android\.gradle\8.0.1\fileHashes)" [_thread_blocked, id=2044, stack(0x000000486fa00000,0x000000486fb00000)]
  0x00000150fd6ebe30 JavaThread "Cache worker for cache directory md-supplier (C:\Users\javie\.gradle\caches\8.0.1\md-supplier)" [_thread_blocked, id=12188, stack(0x000000486fb00000,0x000000486fc00000)]
  0x00000150fd6e7600 JavaThread "Cache worker for execution history cache (C:\Users\javie\.gradle\caches\8.0.1\executionHistory)" [_thread_blocked, id=10052, stack(0x000000486fd00000,0x000000486fe00000)]
  0x00000150fd6e5df0 JavaThread "jar transforms" [_thread_blocked, id=23192, stack(0x000000486fe00000,0x000000486ff00000)]
  0x00000150fd6eb490 JavaThread "jar transforms Thread 2" [_thread_blocked, id=20580, stack(0x000000486ff00000,0x0000004870000000)]
  0x00000150fd6e8940 JavaThread "jar transforms Thread 3" [_thread_blocked, id=18024, stack(0x0000004870000000,0x0000004870100000)]
  0x00000150fd6eaaf0 JavaThread "jar transforms Thread 4" [_thread_blocked, id=12060, stack(0x0000004870100000,0x0000004870200000)]
  0x00000150fd6e6c60 JavaThread "Cache worker for kotlin-dsl (C:\Users\javie\.gradle\caches\8.0.1\kotlin-dsl)" [_thread_blocked, id=14508, stack(0x0000004870200000,0x0000004870300000)]
  0x00000150fd6e5920 JavaThread "jar transforms Thread 5" [_thread_blocked, id=4288, stack(0x0000004870400000,0x0000004870500000)]
  0x00000150fd6ec300 JavaThread "jar transforms Thread 6" [_thread_blocked, id=20296, stack(0x0000004870500000,0x0000004870600000)]
  0x00000150fd6e4ab0 JavaThread "Cache worker for dependencies-accessors (C:\Users\javie\Desktop\PROYECTOS 2023\React Native\Web_View\App_Mobile_LoginRegistro_Native_Spring\android\.gradle\8.0.1\dependencies-accessors)" [_thread_blocked, id=24712, stack(0x0000004870600000,0x0000004870700000)]
  0x00000150fd6e4f80 JavaThread "Cache worker for Build Output Cleanup Cache (C:\Users\javie\Desktop\PROYECTOS 2023\React Native\Web_View\App_Mobile_LoginRegistro_Native_Spring\node_modules\@react-native\gradle-plugin\.gradle\buildOutputCleanup)" [_thread_blocked, id=24704, stack(0x0000004870700000,0x0000004870800000)]
  0x00000150fd6e7130 JavaThread "jar transforms Thread 7" [_thread_blocked, id=16944, stack(0x0000004870800000,0x0000004870900000)]
  0x00000150fd6e7fa0 JavaThread "Unconstrained build operations" [_thread_blocked, id=7556, stack(0x0000004870900000,0x0000004870a00000)]
  0x00000150fd6e8e10 JavaThread "Unconstrained build operations Thread 2" [_thread_blocked, id=11308, stack(0x0000004870a00000,0x0000004870b00000)]
  0x00000150fd6e92e0 JavaThread "Unconstrained build operations Thread 3" [_thread_blocked, id=10440, stack(0x0000004870b00000,0x0000004870c00000)]
  0x00000150fd6e97b0 JavaThread "Unconstrained build operations Thread 4" [_thread_blocked, id=21248, stack(0x0000004870c00000,0x0000004870d00000)]
  0x00000150fd6e9c80 JavaThread "Unconstrained build operations Thread 5" [_thread_blocked, id=19060, stack(0x0000004870d00000,0x0000004870e00000)]
  0x00000150fc1d7240 JavaThread "Unconstrained build operations Thread 6" [_thread_blocked, id=15880, stack(0x0000004870e00000,0x0000004870f00000)]
  0x00000150fc1d3880 JavaThread "Unconstrained build operations Thread 7" [_thread_blocked, id=3884, stack(0x0000004870f00000,0x0000004871000000)]
  0x00000150fc1d68a0 JavaThread "Unconstrained build operations Thread 8" [_thread_blocked, id=18332, stack(0x0000004871000000,0x0000004871100000)]
  0x00000150fc1d5560 JavaThread "Unconstrained build operations Thread 9" [_thread_blocked, id=14708, stack(0x0000004871100000,0x0000004871200000)]
  0x00000150fc1d6d70 JavaThread "Unconstrained build operations Thread 10" [_thread_blocked, id=26128, stack(0x0000004871200000,0x0000004871300000)]
  0x00000150fc1d33b0 JavaThread "Unconstrained build operations Thread 11" [_thread_blocked, id=7652, stack(0x0000004871300000,0x0000004871400000)]
  0x00000150fc1d7710 JavaThread "Unconstrained build operations Thread 12" [_thread_blocked, id=24560, stack(0x0000004871400000,0x0000004871500000)]
  0x00000150fc1d8f20 JavaThread "Unconstrained build operations Thread 13" [_thread_blocked, id=27484, stack(0x0000004871500000,0x0000004871600000)]
  0x00000150fc1d3d50 JavaThread "Unconstrained build operations Thread 14" [_thread_blocked, id=25468, stack(0x0000004871600000,0x0000004871700000)]
  0x00000150fc1d7be0 JavaThread "Unconstrained build operations Thread 15" [_thread_blocked, id=14544, stack(0x0000004871700000,0x0000004871800000)]
  0x00000150fc1d5090 JavaThread "Unconstrained build operations Thread 16" [_thread_blocked, id=11688, stack(0x0000004871800000,0x0000004871900000)]
  0x00000150fc1d80b0 JavaThread "Unconstrained build operations Thread 17" [_thread_blocked, id=21212, stack(0x0000004871900000,0x0000004871a00000)]
  0x00000150fc1d4220 JavaThread "Unconstrained build operations Thread 18" [_thread_blocked, id=2216, stack(0x0000004871a00000,0x0000004871b00000)]
  0x00000150fc1d8580 JavaThread "Unconstrained build operations Thread 19" [_thread_blocked, id=15908, stack(0x0000004871b00000,0x0000004871c00000)]
  0x00000150fc1d2ee0 JavaThread "Unconstrained build operations Thread 20" [_thread_blocked, id=26940, stack(0x0000004871c00000,0x0000004871d00000)]
  0x00000150fc1d8a50 JavaThread "Unconstrained build operations Thread 21" [_thread_blocked, id=14048, stack(0x0000004871d00000,0x0000004871e00000)]
  0x00000150fc1d46f0 JavaThread "Unconstrained build operations Thread 22" [_thread_blocked, id=24832, stack(0x0000004871e00000,0x0000004871f00000)]
  0x00000150fc1d2a10 JavaThread "Unconstrained build operations Thread 23" [_thread_blocked, id=13252, stack(0x0000004871f00000,0x0000004872000000)]
  0x00000150fc1d4bc0 JavaThread "Unconstrained build operations Thread 24" [_thread_blocked, id=26784, stack(0x0000004872000000,0x0000004872100000)]
  0x00000150fc1d5a30 JavaThread "Unconstrained build operations Thread 25" [_thread_blocked, id=4088, stack(0x0000004872100000,0x0000004872200000)]
  0x00000150fc1d63d0 JavaThread "Unconstrained build operations Thread 26" [_thread_blocked, id=21996, stack(0x0000004872200000,0x0000004872300000)]
  0x00000150fc1d93f0 JavaThread "jar transforms Thread 8" [_thread_blocked, id=13348, stack(0x0000004872300000,0x0000004872400000)]
  0x00000150fc1d2070 JavaThread "Memory manager" [_thread_blocked, id=20356, stack(0x0000004872400000,0x0000004872500000)]
  0x00000150feccef30 JavaThread "Cache worker for Build Output Cleanup Cache (C:\Users\javie\Desktop\PROYECTOS 2023\React Native\Web_View\App_Mobile_LoginRegistro_Native_Spring\android\.gradle\buildOutputCleanup)" [_thread_blocked, id=14024, stack(0x0000004872500000,0x0000004872600000)]
  0x00000150fecd2420 JavaThread "included builds" [_thread_blocked, id=23728, stack(0x0000004872600000,0x0000004872700000)]
  0x00000150feccfda0 JavaThread "Execution worker" [_thread_blocked, id=19236, stack(0x0000004872700000,0x0000004872800000)]
  0x00000150fecd5910 JavaThread "Execution worker Thread 2" [_thread_blocked, id=8184, stack(0x0000004872800000,0x0000004872900000)]
  0x00000150feccea60 JavaThread "Execution worker Thread 3" [_thread_blocked, id=16524, stack(0x0000004872900000,0x0000004872a00000)]
  0x00000150fecd0740 JavaThread "Execution worker Thread 4" [_thread_blocked, id=3316, stack(0x0000004872a00000,0x0000004872b00000)]
  0x00000150fecd0270 JavaThread "Execution worker Thread 5" [_thread_blocked, id=24100, stack(0x0000004872b00000,0x0000004872c00000)]
  0x00000150feccf400 JavaThread "Execution worker Thread 6" [_thread_blocked, id=14908, stack(0x0000004872c00000,0x0000004872d00000)]
  0x00000150fecd0c10 JavaThread "Execution worker Thread 7" [_thread_blocked, id=3584, stack(0x0000004872d00000,0x0000004872e00000)]
  0x00000150fecd1a80 JavaThread "Cache worker for execution history cache (C:\Users\javie\Desktop\PROYECTOS 2023\React Native\Web_View\App_Mobile_LoginRegistro_Native_Spring\node_modules\@react-native\gradle-plugin\.gradle\8.0.1\executionHistory)" [_thread_blocked, id=12728, stack(0x0000004872e00000,0x0000004872f00000)]
  0x00000150fecd15b0 JavaThread "Unconstrained build operations Thread 27" [_thread_blocked, id=10216, stack(0x0000004872f00000,0x0000004873000000)]
  0x00000150fecd3c30 JavaThread "Unconstrained build operations Thread 28" [_thread_blocked, id=27180, stack(0x0000004873000000,0x0000004873100000)]
  0x00000150feccf8d0 JavaThread "Unconstrained build operations Thread 29" [_thread_blocked, id=2488, stack(0x0000004873100000,0x0000004873200000)]
  0x00000150fecd28f0 JavaThread "Unconstrained build operations Thread 30" [_thread_blocked, id=5988, stack(0x0000004873200000,0x0000004873300000)]
  0x00000150fecd1f50 JavaThread "Unconstrained build operations Thread 31" [_thread_blocked, id=14248, stack(0x0000004873300000,0x0000004873400000)]
  0x00000150fecd4100 JavaThread "Unconstrained build operations Thread 32" [_thread_blocked, id=22348, stack(0x0000004873400000,0x0000004873500000)]
  0x00000150fecd2dc0 JavaThread "Unconstrained build operations Thread 33" [_thread_blocked, id=27048, stack(0x0000004873500000,0x0000004873600000)]
  0x00000150fecce590 JavaThread "Unconstrained build operations Thread 34" [_thread_blocked, id=26076, stack(0x0000004873600000,0x0000004873700000)]
  0x00000150fecd10e0 JavaThread "Unconstrained build operations Thread 35" [_thread_blocked, id=15296, stack(0x0000004873700000,0x0000004873800000)]
  0x00000150fecd4f70 JavaThread "Unconstrained build operations Thread 36" [_thread_blocked, id=17992, stack(0x0000004873800000,0x0000004873900000)]
  0x00000150fecd3290 JavaThread "Unconstrained build operations Thread 37" [_thread_blocked, id=4068, stack(0x0000004873900000,0x0000004873a00000)]
  0x00000150fecd3760 JavaThread "Unconstrained build operations Thread 38" [_thread_blocked, id=20656, stack(0x0000004873a00000,0x0000004873b00000)]
  0x00000150fecd5440 JavaThread "Unconstrained build operations Thread 39" [_thread_blocked, id=11064, stack(0x0000004873b00000,0x0000004873c00000)]
  0x00000150fecce0c0 JavaThread "Unconstrained build operations Thread 40" [_thread_blocked, id=13240, stack(0x0000004873c00000,0x0000004873d00000)]
  0x00000150fba245d0 JavaThread "Unconstrained build operations Thread 41" [_thread_blocked, id=17964, stack(0x0000004873d00000,0x0000004873e00000)]
  0x00000150fba26780 JavaThread "Unconstrained build operations Thread 42" [_thread_blocked, id=15032, stack(0x0000004873e00000,0x0000004873f00000)]
  0x00000150fba24aa0 JavaThread "Unconstrained build operations Thread 43" [_thread_blocked, id=11472, stack(0x0000004873f00000,0x0000004874000000)]
  0x00000150fba24100 JavaThread "Unconstrained build operations Thread 44" [_thread_blocked, id=15148, stack(0x0000004874000000,0x0000004874100000)]
  0x00000150fba25440 JavaThread "Unconstrained build operations Thread 45" [_thread_blocked, id=19016, stack(0x0000004874100000,0x0000004874200000)]
  0x00000150fba23290 JavaThread "Unconstrained build operations Thread 46" [_thread_blocked, id=26536, stack(0x0000004874200000,0x0000004874300000)]
  0x00000150fba24f70 JavaThread "Unconstrained build operations Thread 47" [_thread_blocked, id=8652, stack(0x0000004874300000,0x0000004874400000)]
  0x00000150fba26c50 JavaThread "Unconstrained build operations Thread 48" [_thread_blocked, id=26856, stack(0x0000004874400000,0x0000004874500000)]
  0x00000150fba262b0 JavaThread "Unconstrained build operations Thread 49" [_thread_blocked, id=18944, stack(0x0000004874500000,0x0000004874600000)]
  0x00000150fba25910 JavaThread "Unconstrained build operations Thread 50" [_thread_blocked, id=23060, stack(0x0000004874600000,0x0000004874700000)]
  0x00000150fba23c30 JavaThread "Unconstrained build operations Thread 51" [_thread_blocked, id=2456, stack(0x0000004874700000,0x0000004874800000)]
  0x00000150fba19010 JavaThread "Unconstrained build operations Thread 52" [_thread_blocked, id=9736, stack(0x0000004874800000,0x0000004874900000)]
  0x00000150fba199b0 JavaThread "Unconstrained build operations Thread 53" [_thread_blocked, id=23692, stack(0x0000004874900000,0x0000004874a00000)]
  0x00000150fba19e80 JavaThread "Unconstrained build operations Thread 54" [_thread_blocked, id=12360, stack(0x0000004874a00000,0x0000004874b00000)]
  0x00000150fba1c9d0 JavaThread "Unconstrained build operations Thread 55" [_thread_blocked, id=25184, stack(0x0000004874b00000,0x0000004874c00000)]
  0x00000150fba1a350 JavaThread "Unconstrained build operations Thread 56" [_thread_blocked, id=16264, stack(0x0000004874c00000,0x0000004874d00000)]
  0x00000150fba1bb60 JavaThread "Unconstrained build operations Thread 57" [_thread_blocked, id=26404, stack(0x0000004874d00000,0x0000004874e00000)]
  0x00000150fba1acf0 JavaThread "Unconstrained build operations Thread 58" [_thread_blocked, id=3060, stack(0x0000004874e00000,0x0000004874f00000)]
  0x00000150fba1b1c0 JavaThread "Unconstrained build operations Thread 59" [_thread_blocked, id=23936, stack(0x0000004874f00000,0x0000004875000000)]
  0x00000150fba17cd0 JavaThread "Unconstrained build operations Thread 60" [_thread_blocked, id=2816, stack(0x0000004875000000,0x0000004875100000)]
  0x00000150fba1d840 JavaThread "Unconstrained build operations Thread 61" [_thread_blocked, id=14388, stack(0x0000004875100000,0x0000004875200000)]
  0x00000150fba1d370 JavaThread "Unconstrained build operations Thread 62" [_thread_blocked, id=6776, stack(0x0000004875200000,0x0000004875300000)]
  0x00000150fba1c500 JavaThread "Unconstrained build operations Thread 63" [_thread_blocked, id=22472, stack(0x0000004875300000,0x0000004875400000)]
  0x00000150fba1cea0 JavaThread "Unconstrained build operations Thread 64" [_thread_blocked, id=17824, stack(0x0000004875400000,0x0000004875500000)]
  0x00000150fba194e0 JavaThread "Unconstrained build operations Thread 65" [_thread_blocked, id=7800, stack(0x0000004875500000,0x0000004875600000)]
  0x00000150fba1a820 JavaThread "Unconstrained build operations Thread 66" [_thread_blocked, id=12764, stack(0x0000004875600000,0x0000004875700000)]
  0x00000150fba1dd10 JavaThread "Unconstrained build operations Thread 67" [_thread_blocked, id=13664, stack(0x0000004875700000,0x0000004875800000)]
  0x00000150fba1e1e0 JavaThread "Unconstrained build operations Thread 68" [_thread_blocked, id=19444, stack(0x0000004875800000,0x0000004875900000)]
  0x00000150fba1b690 JavaThread "Unconstrained build operations Thread 69" [_thread_blocked, id=9280, stack(0x0000004875900000,0x0000004875a00000)]
  0x00000150fba1e6b0 JavaThread "Unconstrained build operations Thread 70" [_thread_blocked, id=25596, stack(0x0000004875a00000,0x0000004875b00000)]
  0x00000150fba181a0 JavaThread "Unconstrained build operations Thread 71" [_thread_blocked, id=16052, stack(0x0000004875b00000,0x0000004875c00000)]
  0x00000150fba1eb80 JavaThread "Unconstrained build operations Thread 72" [_thread_blocked, id=23660, stack(0x0000004875c00000,0x0000004875d00000)]
  0x00000150fba1f050 JavaThread "Unconstrained build operations Thread 73" [_thread_blocked, id=12720, stack(0x0000004875d00000,0x0000004875e00000)]
  0x00000150fba18670 JavaThread "Unconstrained build operations Thread 74" [_thread_blocked, id=20060, stack(0x0000004875e00000,0x0000004875f00000)]
  0x00000150fba1f520 JavaThread "Unconstrained build operations Thread 75" [_thread_blocked, id=20396, stack(0x0000004875f00000,0x0000004876000000)]
  0x00000150fba18b40 JavaThread "Unconstrained build operations Thread 76" [_thread_blocked, id=16288, stack(0x0000004876000000,0x0000004876100000)]
  0x00000150fefd2d40 JavaThread "Unconstrained build operations Thread 77" [_thread_blocked, id=26520, stack(0x0000004876100000,0x0000004876200000)]
  0x00000150fefd4550 JavaThread "Unconstrained build operations Thread 78" [_thread_blocked, id=24700, stack(0x0000004876200000,0x0000004876300000)]
  0x00000150fefd7570 JavaThread "Unconstrained build operations Thread 79" [_thread_blocked, id=23012, stack(0x0000004876300000,0x0000004876400000)]
  0x00000150fefd53c0 JavaThread "Unconstrained build operations Thread 80" [_thread_blocked, id=3208, stack(0x0000004876400000,0x0000004876500000)]
=>0x00000150fb9c1900 JavaThread "C2 CompilerThread1" daemon [_thread_in_native, id=8512, stack(0x0000004876600000,0x0000004876700000)]

Other Threads:
  0x00000150f63d4d70 VMThread "VM Thread" [stack: 0x000000486d400000,0x000000486d500000] [id=27528]
  0x00000150d8022540 WatcherThread [stack: 0x000000486e000000,0x000000486e100000] [id=19620]
  0x00000150d8008ff0 GCTaskThread "GC Thread#0" [stack: 0x000000486cf00000,0x000000486d000000] [id=7776]
  0x00000150fbcc1e20 GCTaskThread "GC Thread#1" [stack: 0x000000486e100000,0x000000486e200000] [id=26528]
  0x00000150fbcc20d0 GCTaskThread "GC Thread#2" [stack: 0x000000486e200000,0x000000486e300000] [id=2828]
  0x00000150fb7a2ae0 GCTaskThread "GC Thread#3" [stack: 0x000000486e300000,0x000000486e400000] [id=14012]
  0x00000150fcb9ec30 GCTaskThread "GC Thread#4" [stack: 0x000000486f100000,0x000000486f200000] [id=20512]
  0x00000150fcb9d400 GCTaskThread "GC Thread#5" [stack: 0x000000486f200000,0x000000486f300000] [id=2004]
  0x00000150fcb9e170 GCTaskThread "GC Thread#6" [stack: 0x000000486f300000,0x000000486f400000] [id=13224]
  0x00000150fcb9dec0 GCTaskThread "GC Thread#7" [stack: 0x000000486f400000,0x000000486f500000] [id=16400]
  0x00000150d8019f30 ConcurrentGCThread "G1 Main Marker" [stack: 0x000000486d000000,0x000000486d100000] [id=26088]
  0x00000150d801a940 ConcurrentGCThread "G1 Conc#0" [stack: 0x000000486d100000,0x000000486d200000] [id=26660]
  0x00000150fd828090 ConcurrentGCThread "G1 Conc#1" [stack: 0x000000486fc00000,0x000000486fd00000] [id=24900]
  0x00000150f6288960 ConcurrentGCThread "G1 Refine#0" [stack: 0x000000486d200000,0x000000486d300000] [id=25452]
  0x00000150f628a390 ConcurrentGCThread "G1 Service" [stack: 0x000000486d300000,0x000000486d400000] [id=10692]

Threads with active compile tasks:
C2 CompilerThread0    39432 10576   !   4       org.gradle.internal.deprecation.DeprecationLogger::whileDisabledThrowing (45 bytes)
C2 CompilerThread1    39432 10307       4       org.gradle.internal.instantiation.generator.AbstractClassGenerator::inspectType (560 bytes)

VM state: not at safepoint (normal execution)

VM Mutex/Monitor currently owned by a thread: None

Heap address: 0x0000000080000000, size: 2048 MB, Compressed Oops mode: 32-bit

CDS archive(s) mapped at: [0x0000000800000000-0x0000000800bc0000-0x0000000800bc0000), size 12320768, SharedBaseAddress: 0x0000000800000000, ArchiveRelocationMode: 0.
Compressed class space mapped at: 0x0000000801000000-0x000000081b000000, reserved size: 436207616
Narrow klass base: 0x0000000800000000, Narrow klass shift: 0, Narrow klass range: 0x100000000

GC Precious Log:
 CPUs: 8 total, 8 available
 Memory: 8013M
 Large Page Support: Disabled
 NUMA Support: Disabled
 Compressed Oops: Enabled (32-bit)
 Heap Region Size: 1M
 Heap Min Capacity: 8M
 Heap Initial Capacity: 126M
 Heap Max Capacity: 2G
 Pre-touch: Disabled
 Parallel Workers: 8
 Concurrent Workers: 2
 Concurrent Refinement Workers: 8
 Periodic GC: Disabled

Heap:
 garbage-first heap   total 171008K, used 105386K [0x0000000080000000, 0x0000000100000000)
  region size 1024K, 12 young (12288K), 3 survivors (3072K)
 Metaspace       used 81694K, committed 82496K, reserved 557056K
  class space    used 11429K, committed 11776K, reserved 425984K

Heap Regions: E=young(eden), S=young(survivor), O=old, HS=humongous(starts), HC=humongous(continues), CS=collection set, F=free, OA=open archive, CA=closed archive, TAMS=top-at-mark-start (previous, next)
|   0|0x0000000080000000, 0x0000000080100000, 0x0000000080100000|100%|HS|  |TAMS 0x0000000080100000, 0x0000000080000000| Complete 
|   1|0x0000000080100000, 0x0000000080200000, 0x0000000080200000|100%|HC|  |TAMS 0x0000000080200000, 0x0000000080100000| Complete 
|   2|0x0000000080200000, 0x0000000080300000, 0x0000000080300000|100%|HC|  |TAMS 0x0000000080300000, 0x0000000080200000| Complete 
|   3|0x0000000080300000, 0x0000000080400000, 0x0000000080400000|100%|HC|  |TAMS 0x0000000080400000, 0x0000000080300000| Complete 
|   4|0x0000000080400000, 0x0000000080500000, 0x0000000080500000|100%| O|  |TAMS 0x0000000080500000, 0x0000000080400000| Untracked 
|   5|0x0000000080500000, 0x0000000080600000, 0x0000000080600000|100%| O|  |TAMS 0x0000000080600000, 0x0000000080500000| Untracked 
|   6|0x0000000080600000, 0x0000000080700000, 0x0000000080700000|100%| O|  |TAMS 0x0000000080700000, 0x0000000080600000| Untracked 
|   7|0x0000000080700000, 0x0000000080800000, 0x0000000080800000|100%| O|  |TAMS 0x0000000080800000, 0x0000000080700000| Untracked 
|   8|0x0000000080800000, 0x0000000080900000, 0x0000000080900000|100%| O|  |TAMS 0x0000000080900000, 0x0000000080800000| Untracked 
|   9|0x0000000080900000, 0x0000000080a00000, 0x0000000080a00000|100%| O|  |TAMS 0x0000000080a00000, 0x0000000080900000| Untracked 
|  10|0x0000000080a00000, 0x0000000080b00000, 0x0000000080b00000|100%| O|  |TAMS 0x0000000080b00000, 0x0000000080a00000| Untracked 
|  11|0x0000000080b00000, 0x0000000080c00000, 0x0000000080c00000|100%| O|  |TAMS 0x0000000080c00000, 0x0000000080b00000| Untracked 
|  12|0x0000000080c00000, 0x0000000080d00000, 0x0000000080d00000|100%| O|  |TAMS 0x0000000080d00000, 0x0000000080c00000| Untracked 
|  13|0x0000000080d00000, 0x0000000080e00000, 0x0000000080e00000|100%| O|  |TAMS 0x0000000080e00000, 0x0000000080d00000| Untracked 
|  14|0x0000000080e00000, 0x0000000080f00000, 0x0000000080f00000|100%| O|  |TAMS 0x0000000080f00000, 0x0000000080e00000| Untracked 
|  15|0x0000000080f00000, 0x0000000081000000, 0x0000000081000000|100%| O|  |TAMS 0x0000000081000000, 0x0000000080f00000| Untracked 
|  16|0x0000000081000000, 0x0000000081100000, 0x0000000081100000|100%| O|  |TAMS 0x0000000081100000, 0x0000000081000000| Untracked 
|  17|0x0000000081100000, 0x0000000081200000, 0x0000000081200000|100%| O|  |TAMS 0x0000000081200000, 0x0000000081100000| Untracked 
|  18|0x0000000081200000, 0x0000000081300000, 0x0000000081300000|100%| O|  |TAMS 0x0000000081300000, 0x0000000081200000| Untracked 
|  19|0x0000000081300000, 0x0000000081400000, 0x0000000081400000|100%| O|  |TAMS 0x0000000081400000, 0x0000000081300000| Untracked 
|  20|0x0000000081400000, 0x0000000081500000, 0x0000000081500000|100%| O|  |TAMS 0x0000000081500000, 0x0000000081400000| Untracked 
|  21|0x0000000081500000, 0x0000000081600000, 0x0000000081600000|100%| O|  |TAMS 0x0000000081600000, 0x0000000081500000| Untracked 
|  22|0x0000000081600000, 0x0000000081700000, 0x0000000081700000|100%| O|  |TAMS 0x0000000081700000, 0x0000000081600000| Untracked 
|  23|0x0000000081700000, 0x0000000081800000, 0x0000000081800000|100%| O|  |TAMS 0x0000000081800000, 0x0000000081700000| Untracked 
|  24|0x0000000081800000, 0x0000000081900000, 0x0000000081900000|100%| O|  |TAMS 0x0000000081900000, 0x0000000081800000| Untracked 
|  25|0x0000000081900000, 0x0000000081a00000, 0x0000000081a00000|100%| O|  |TAMS 0x0000000081a00000, 0x0000000081900000| Untracked 
|  26|0x0000000081a00000, 0x0000000081b00000, 0x0000000081b00000|100%| O|  |TAMS 0x0000000081b00000, 0x0000000081a00000| Untracked 
|  27|0x0000000081b00000, 0x0000000081c00000, 0x0000000081c00000|100%| O|  |TAMS 0x0000000081c00000, 0x0000000081b00000| Untracked 
|  28|0x0000000081c00000, 0x0000000081d00000, 0x0000000081d00000|100%| O|  |TAMS 0x0000000081d00000, 0x0000000081c00000| Untracked 
|  29|0x0000000081d00000, 0x0000000081e00000, 0x0000000081e00000|100%| O|  |TAMS 0x0000000081e00000, 0x0000000081d00000| Untracked 
|  30|0x0000000081e00000, 0x0000000081f00000, 0x0000000081f00000|100%| O|  |TAMS 0x0000000081f00000, 0x0000000081e00000| Untracked 
|  31|0x0000000081f00000, 0x0000000082000000, 0x0000000082000000|100%| O|  |TAMS 0x0000000082000000, 0x0000000081f00000| Untracked 
|  32|0x0000000082000000, 0x0000000082100000, 0x0000000082100000|100%| O|  |TAMS 0x0000000082100000, 0x0000000082000000| Untracked 
|  33|0x0000000082100000, 0x0000000082200000, 0x0000000082200000|100%| O|  |TAMS 0x0000000082200000, 0x0000000082100000| Untracked 
|  34|0x0000000082200000, 0x0000000082300000, 0x0000000082300000|100%| O|  |TAMS 0x0000000082300000, 0x0000000082200000| Untracked 
|  35|0x0000000082300000, 0x0000000082400000, 0x0000000082400000|100%| O|  |TAMS 0x0000000082400000, 0x0000000082300000| Untracked 
|  36|0x0000000082400000, 0x0000000082500000, 0x0000000082500000|100%| O|  |TAMS 0x0000000082500000, 0x0000000082400000| Untracked 
|  37|0x0000000082500000, 0x0000000082600000, 0x0000000082600000|100%| O|  |TAMS 0x0000000082600000, 0x0000000082500000| Untracked 
|  38|0x0000000082600000, 0x0000000082700000, 0x0000000082700000|100%|HS|  |TAMS 0x0000000082700000, 0x0000000082600000| Complete 
|  39|0x0000000082700000, 0x0000000082800000, 0x0000000082800000|100%|HC|  |TAMS 0x0000000082800000, 0x0000000082700000| Complete 
|  40|0x0000000082800000, 0x0000000082900000, 0x0000000082900000|100%|HS|  |TAMS 0x0000000082900000, 0x0000000082800000| Complete 
|  41|0x0000000082900000, 0x0000000082a00000, 0x0000000082a00000|100%|HC|  |TAMS 0x0000000082a00000, 0x0000000082900000| Complete 
|  42|0x0000000082a00000, 0x0000000082b00000, 0x0000000082b00000|100%|HC|  |TAMS 0x0000000082b00000, 0x0000000082a00000| Complete 
|  43|0x0000000082b00000, 0x0000000082c00000, 0x0000000082c00000|100%|HC|  |TAMS 0x0000000082c00000, 0x0000000082b00000| Complete 
|  44|0x0000000082c00000, 0x0000000082d00000, 0x0000000082d00000|100%| O|  |TAMS 0x0000000082d00000, 0x0000000082c00000| Untracked 
|  45|0x0000000082d00000, 0x0000000082e00000, 0x0000000082e00000|100%| O|  |TAMS 0x0000000082e00000, 0x0000000082d00000| Untracked 
|  46|0x0000000082e00000, 0x0000000082f00000, 0x0000000082f00000|100%| O|  |TAMS 0x0000000082f00000, 0x0000000082e00000| Untracked 
|  47|0x0000000082f00000, 0x0000000083000000, 0x0000000083000000|100%| O|  |TAMS 0x0000000083000000, 0x0000000082f00000| Untracked 
|  48|0x0000000083000000, 0x0000000083100000, 0x0000000083100000|100%| O|  |TAMS 0x0000000083100000, 0x0000000083000000| Untracked 
|  49|0x0000000083100000, 0x0000000083200000, 0x0000000083200000|100%| O|  |TAMS 0x0000000083200000, 0x0000000083100000| Untracked 
|  50|0x0000000083200000, 0x0000000083300000, 0x0000000083300000|100%| O|  |TAMS 0x0000000083300000, 0x0000000083200000| Untracked 
|  51|0x0000000083300000, 0x0000000083400000, 0x0000000083400000|100%| O|  |TAMS 0x0000000083400000, 0x0000000083300000| Untracked 
|  52|0x0000000083400000, 0x0000000083500000, 0x0000000083500000|100%| O|  |TAMS 0x0000000083500000, 0x0000000083400000| Untracked 
|  53|0x0000000083500000, 0x0000000083600000, 0x0000000083600000|100%| O|  |TAMS 0x0000000083600000, 0x0000000083500000| Untracked 
|  54|0x0000000083600000, 0x0000000083700000, 0x0000000083700000|100%| O|  |TAMS 0x0000000083700000, 0x0000000083600000| Untracked 
|  55|0x0000000083700000, 0x0000000083800000, 0x0000000083800000|100%| O|  |TAMS 0x0000000083800000, 0x0000000083700000| Untracked 
|  56|0x0000000083800000, 0x0000000083900000, 0x0000000083900000|100%| O|  |TAMS 0x0000000083900000, 0x0000000083800000| Untracked 
|  57|0x0000000083900000, 0x0000000083a00000, 0x0000000083a00000|100%|HS|  |TAMS 0x0000000083a00000, 0x0000000083900000| Complete 
|  58|0x0000000083a00000, 0x0000000083b00000, 0x0000000083b00000|100%|HS|  |TAMS 0x0000000083b00000, 0x0000000083a00000| Complete 
|  59|0x0000000083b00000, 0x0000000083c00000, 0x0000000083c00000|100%| O|  |TAMS 0x0000000083c00000, 0x0000000083b00000| Untracked 
|  60|0x0000000083c00000, 0x0000000083d00000, 0x0000000083d00000|100%| O|  |TAMS 0x0000000083d00000, 0x0000000083c00000| Untracked 
|  61|0x0000000083d00000, 0x0000000083e00000, 0x0000000083e00000|100%| O|  |TAMS 0x0000000083e00000, 0x0000000083d00000| Untracked 
|  62|0x0000000083e00000, 0x0000000083f00000, 0x0000000083f00000|100%| O|  |TAMS 0x0000000083f00000, 0x0000000083e00000| Untracked 
|  63|0x0000000083f00000, 0x0000000084000000, 0x0000000084000000|100%| O|  |TAMS 0x0000000084000000, 0x0000000083f00000| Untracked 
|  64|0x0000000084000000, 0x0000000084100000, 0x0000000084100000|100%| O|  |TAMS 0x0000000084100000, 0x0000000084000000| Complete 
|  65|0x0000000084100000, 0x0000000084200000, 0x0000000084200000|100%| O|  |TAMS 0x0000000084200000, 0x0000000084100000| Untracked 
|  66|0x0000000084200000, 0x0000000084300000, 0x0000000084300000|100%| O|  |TAMS 0x0000000084300000, 0x0000000084200000| Untracked 
|  67|0x0000000084300000, 0x0000000084400000, 0x0000000084400000|100%| O|  |TAMS 0x0000000084400000, 0x0000000084300000| Untracked 
|  68|0x0000000084400000, 0x0000000084500000, 0x0000000084500000|100%| O|  |TAMS 0x0000000084500000, 0x0000000084400000| Untracked 
|  69|0x0000000084500000, 0x0000000084600000, 0x0000000084600000|100%| O|  |TAMS 0x0000000084600000, 0x0000000084500000| Untracked 
|  70|0x0000000084600000, 0x0000000084700000, 0x0000000084700000|100%| O|  |TAMS 0x0000000084700000, 0x0000000084600000| Untracked 
|  71|0x0000000084700000, 0x0000000084800000, 0x0000000084800000|100%| O|  |TAMS 0x0000000084800000, 0x0000000084700000| Untracked 
|  72|0x0000000084800000, 0x0000000084900000, 0x0000000084900000|100%| O|  |TAMS 0x0000000084900000, 0x0000000084800000| Untracked 
|  73|0x0000000084900000, 0x0000000084a00000, 0x0000000084a00000|100%| O|  |TAMS 0x0000000084a00000, 0x0000000084900000| Untracked 
|  74|0x0000000084a00000, 0x0000000084b00000, 0x0000000084b00000|100%| O|  |TAMS 0x0000000084b00000, 0x0000000084a00000| Untracked 
|  75|0x0000000084b00000, 0x0000000084c00000, 0x0000000084c00000|100%| O|  |TAMS 0x0000000084c00000, 0x0000000084b00000| Untracked 
|  76|0x0000000084c00000, 0x0000000084d00000, 0x0000000084d00000|100%| O|  |TAMS 0x0000000084d00000, 0x0000000084c00000| Untracked 
|  77|0x0000000084d00000, 0x0000000084e00000, 0x0000000084e00000|100%| O|  |TAMS 0x0000000084e00000, 0x0000000084d00000| Untracked 
|  78|0x0000000084e00000, 0x0000000084f00000, 0x0000000084f00000|100%| O|  |TAMS 0x0000000084f00000, 0x0000000084e00000| Untracked 
|  79|0x0000000084f00000, 0x0000000085000000, 0x0000000085000000|100%| O|  |TAMS 0x0000000085000000, 0x0000000084f00000| Untracked 
|  80|0x0000000085000000, 0x0000000085100000, 0x0000000085100000|100%|HS|  |TAMS 0x0000000085100000, 0x0000000085000000| Complete 
|  81|0x0000000085100000, 0x0000000085200000, 0x0000000085200000|100%|HC|  |TAMS 0x0000000085200000, 0x0000000085100000| Complete 
|  82|0x0000000085200000, 0x0000000085300000, 0x0000000085300000|100%|HS|  |TAMS 0x0000000085300000, 0x0000000085200000| Complete 
|  83|0x0000000085300000, 0x0000000085400000, 0x0000000085400000|100%|HC|  |TAMS 0x0000000085400000, 0x0000000085300000| Complete 
|  84|0x0000000085400000, 0x0000000085500000, 0x0000000085500000|100%|HC|  |TAMS 0x0000000085500000, 0x0000000085400000| Complete 
|  85|0x0000000085500000, 0x0000000085600000, 0x0000000085600000|100%|HC|  |TAMS 0x0000000085600000, 0x0000000085500000| Complete 
|  86|0x0000000085600000, 0x0000000085700000, 0x0000000085700000|100%| O|  |TAMS 0x0000000085700000, 0x0000000085600000| Untracked 
|  87|0x0000000085700000, 0x0000000085800000, 0x0000000085800000|100%| O|  |TAMS 0x0000000085800000, 0x0000000085700000| Untracked 
|  88|0x0000000085800000, 0x0000000085900000, 0x0000000085900000|100%| O|  |TAMS 0x0000000085900000, 0x0000000085800000| Untracked 
|  89|0x0000000085900000, 0x0000000085a00000, 0x0000000085a00000|100%| O|  |TAMS 0x000000008595ec00, 0x0000000085900000| Untracked 
|  90|0x0000000085a00000, 0x0000000085b00000, 0x0000000085b00000|100%| O|  |TAMS 0x0000000085a00000, 0x0000000085a00000| Untracked 
|  91|0x0000000085b00000, 0x0000000085c00000, 0x0000000085c00000|100%| O|  |TAMS 0x0000000085b00000, 0x0000000085b00000| Untracked 
|  92|0x0000000085c00000, 0x0000000085cc8400, 0x0000000085d00000| 78%| O|  |TAMS 0x0000000085c00000, 0x0000000085c00000| Untracked 
|  93|0x0000000085d00000, 0x0000000085d00000, 0x0000000085e00000|  0%| F|  |TAMS 0x0000000085d00000, 0x0000000085d00000| Untracked 
|  94|0x0000000085e00000, 0x0000000085e00000, 0x0000000085f00000|  0%| F|  |TAMS 0x0000000085e00000, 0x0000000085e00000| Untracked 
|  95|0x0000000085f00000, 0x0000000085f00000, 0x0000000086000000|  0%| F|  |TAMS 0x0000000085f00000, 0x0000000085f00000| Untracked 
|  96|0x0000000086000000, 0x0000000086000000, 0x0000000086100000|  0%| F|  |TAMS 0x0000000086000000, 0x0000000086000000| Untracked 
|  97|0x0000000086100000, 0x0000000086100000, 0x0000000086200000|  0%| F|  |TAMS 0x0000000086100000, 0x0000000086100000| Untracked 
|  98|0x0000000086200000, 0x0000000086200000, 0x0000000086300000|  0%| F|  |TAMS 0x0000000086200000, 0x0000000086200000| Untracked 
|  99|0x0000000086300000, 0x0000000086300000, 0x0000000086400000|  0%| F|  |TAMS 0x0000000086300000, 0x0000000086300000| Untracked 
| 100|0x0000000086400000, 0x0000000086400000, 0x0000000086500000|  0%| F|  |TAMS 0x0000000086400000, 0x0000000086400000| Untracked 
| 101|0x0000000086500000, 0x0000000086500000, 0x0000000086600000|  0%| F|  |TAMS 0x0000000086500000, 0x0000000086500000| Untracked 
| 102|0x0000000086600000, 0x0000000086600000, 0x0000000086700000|  0%| F|  |TAMS 0x0000000086600000, 0x0000000086600000| Untracked 
| 103|0x0000000086700000, 0x0000000086700000, 0x0000000086800000|  0%| F|  |TAMS 0x0000000086700000, 0x0000000086700000| Untracked 
| 104|0x0000000086800000, 0x0000000086800000, 0x0000000086900000|  0%| F|  |TAMS 0x0000000086800000, 0x0000000086800000| Untracked 
| 105|0x0000000086900000, 0x0000000086900000, 0x0000000086a00000|  0%| F|  |TAMS 0x0000000086900000, 0x0000000086900000| Untracked 
| 106|0x0000000086a00000, 0x0000000086a00000, 0x0000000086b00000|  0%| F|  |TAMS 0x0000000086a00000, 0x0000000086a00000| Untracked 
| 107|0x0000000086b00000, 0x0000000086b00000, 0x0000000086c00000|  0%| F|  |TAMS 0x0000000086b00000, 0x0000000086b00000| Untracked 
| 108|0x0000000086c00000, 0x0000000086c00000, 0x0000000086d00000|  0%| F|  |TAMS 0x0000000086c00000, 0x0000000086c00000| Untracked 
| 109|0x0000000086d00000, 0x0000000086d224c0, 0x0000000086e00000| 13%| S|CS|TAMS 0x0000000086d00000, 0x0000000086d00000| Complete 
| 110|0x0000000086e00000, 0x0000000086f00000, 0x0000000086f00000|100%| S|CS|TAMS 0x0000000086e00000, 0x0000000086e00000| Complete 
| 111|0x0000000086f00000, 0x0000000087000000, 0x0000000087000000|100%| S|CS|TAMS 0x0000000086f00000, 0x0000000086f00000| Complete 
| 112|0x0000000087000000, 0x0000000087000000, 0x0000000087100000|  0%| F|  |TAMS 0x0000000087000000, 0x0000000087000000| Untracked 
| 113|0x0000000087100000, 0x0000000087100000, 0x0000000087200000|  0%| F|  |TAMS 0x0000000087100000, 0x0000000087100000| Untracked 
| 114|0x0000000087200000, 0x0000000087200000, 0x0000000087300000|  0%| F|  |TAMS 0x0000000087200000, 0x0000000087200000| Untracked 
| 115|0x0000000087300000, 0x0000000087300000, 0x0000000087400000|  0%| F|  |TAMS 0x0000000087300000, 0x0000000087300000| Untracked 
| 116|0x0000000087400000, 0x0000000087400000, 0x0000000087500000|  0%| F|  |TAMS 0x0000000087400000, 0x0000000087400000| Untracked 
| 117|0x0000000087500000, 0x0000000087500000, 0x0000000087600000|  0%| F|  |TAMS 0x0000000087500000, 0x0000000087500000| Untracked 
| 118|0x0000000087600000, 0x0000000087600000, 0x0000000087700000|  0%| F|  |TAMS 0x0000000087600000, 0x0000000087600000| Untracked 
| 119|0x0000000087700000, 0x0000000087700000, 0x0000000087800000|  0%| F|  |TAMS 0x0000000087700000, 0x0000000087700000| Untracked 
| 120|0x0000000087800000, 0x0000000087800000, 0x0000000087900000|  0%| F|  |TAMS 0x0000000087800000, 0x0000000087800000| Untracked 
| 121|0x0000000087900000, 0x0000000087a00000, 0x0000000087a00000|100%| E|CS|TAMS 0x0000000087900000, 0x0000000087900000| Complete 
| 122|0x0000000087a00000, 0x0000000087b00000, 0x0000000087b00000|100%| E|CS|TAMS 0x0000000087a00000, 0x0000000087a00000| Complete 
| 123|0x0000000087b00000, 0x0000000087c00000, 0x0000000087c00000|100%| E|CS|TAMS 0x0000000087b00000, 0x0000000087b00000| Complete 
| 124|0x0000000087c00000, 0x0000000087c00000, 0x0000000087d00000|  0%| F|  |TAMS 0x0000000087c00000, 0x0000000087c00000| Untracked 
| 125|0x0000000087d00000, 0x0000000087e00000, 0x0000000087e00000|100%| E|CS|TAMS 0x0000000087d00000, 0x0000000087d00000| Complete 
| 126|0x0000000087e00000, 0x0000000087e00000, 0x0000000087f00000|  0%| F|  |TAMS 0x0000000087e00000, 0x0000000087e00000| Untracked 
| 127|0x0000000087f00000, 0x0000000087f00000, 0x0000000088000000|  0%| F|  |TAMS 0x0000000087f00000, 0x0000000087f00000| Untracked 
| 128|0x0000000088000000, 0x0000000088000000, 0x0000000088100000|  0%| F|  |TAMS 0x0000000088000000, 0x0000000088000000| Untracked 
| 129|0x0000000088100000, 0x0000000088100000, 0x0000000088200000|  0%| F|  |TAMS 0x0000000088100000, 0x0000000088100000| Untracked 
| 130|0x0000000088200000, 0x0000000088200000, 0x0000000088300000|  0%| F|  |TAMS 0x0000000088200000, 0x0000000088200000| Untracked 
| 131|0x0000000088300000, 0x0000000088300000, 0x0000000088400000|  0%| F|  |TAMS 0x0000000088300000, 0x0000000088300000| Untracked 
| 132|0x0000000088400000, 0x0000000088400000, 0x0000000088500000|  0%| F|  |TAMS 0x0000000088400000, 0x0000000088400000| Untracked 
| 133|0x0000000088500000, 0x0000000088500000, 0x0000000088600000|  0%| F|  |TAMS 0x0000000088500000, 0x0000000088500000| Untracked 
| 134|0x0000000088600000, 0x0000000088600000, 0x0000000088700000|  0%| F|  |TAMS 0x0000000088600000, 0x0000000088600000| Untracked 
| 135|0x0000000088700000, 0x0000000088700000, 0x0000000088800000|  0%| F|  |TAMS 0x0000000088700000, 0x0000000088700000| Untracked 
| 136|0x0000000088800000, 0x0000000088800000, 0x0000000088900000|  0%| F|  |TAMS 0x0000000088800000, 0x0000000088800000| Untracked 
| 137|0x0000000088900000, 0x0000000088900000, 0x0000000088a00000|  0%| F|  |TAMS 0x0000000088900000, 0x0000000088900000| Untracked 
| 138|0x0000000088a00000, 0x0000000088a00000, 0x0000000088b00000|  0%| F|  |TAMS 0x0000000088a00000, 0x0000000088a00000| Untracked 
| 139|0x0000000088b00000, 0x0000000088b00000, 0x0000000088c00000|  0%| F|  |TAMS 0x0000000088b00000, 0x0000000088b00000| Untracked 
| 140|0x0000000088c00000, 0x0000000088c00000, 0x0000000088d00000|  0%| F|  |TAMS 0x0000000088c00000, 0x0000000088c00000| Untracked 
| 141|0x0000000088d00000, 0x0000000088d00000, 0x0000000088e00000|  0%| F|  |TAMS 0x0000000088d00000, 0x0000000088d00000| Untracked 
| 142|0x0000000088e00000, 0x0000000088e00000, 0x0000000088f00000|  0%| F|  |TAMS 0x0000000088e00000, 0x0000000088e00000| Untracked 
| 143|0x0000000088f00000, 0x0000000088f00000, 0x0000000089000000|  0%| F|  |TAMS 0x0000000088f00000, 0x0000000088f00000| Untracked 
| 144|0x0000000089000000, 0x0000000089000000, 0x0000000089100000|  0%| F|  |TAMS 0x0000000089000000, 0x0000000089000000| Untracked 
| 145|0x0000000089100000, 0x0000000089100000, 0x0000000089200000|  0%| F|  |TAMS 0x0000000089100000, 0x0000000089100000| Untracked 
| 146|0x0000000089200000, 0x0000000089200000, 0x0000000089300000|  0%| F|  |TAMS 0x0000000089200000, 0x0000000089200000| Untracked 
| 147|0x0000000089300000, 0x0000000089300000, 0x0000000089400000|  0%| F|  |TAMS 0x0000000089300000, 0x0000000089300000| Untracked 
| 148|0x0000000089400000, 0x0000000089400000, 0x0000000089500000|  0%| F|  |TAMS 0x0000000089400000, 0x0000000089400000| Untracked 
| 149|0x0000000089500000, 0x0000000089500000, 0x0000000089600000|  0%| F|  |TAMS 0x0000000089500000, 0x0000000089500000| Untracked 
| 150|0x0000000089600000, 0x0000000089600000, 0x0000000089700000|  0%| F|  |TAMS 0x0000000089600000, 0x0000000089600000| Untracked 
| 151|0x0000000089700000, 0x0000000089700000, 0x0000000089800000|  0%| F|  |TAMS 0x0000000089700000, 0x0000000089700000| Untracked 
| 152|0x0000000089800000, 0x0000000089800000, 0x0000000089900000|  0%| F|  |TAMS 0x0000000089800000, 0x0000000089800000| Untracked 
| 153|0x0000000089900000, 0x0000000089900000, 0x0000000089a00000|  0%| F|  |TAMS 0x0000000089900000, 0x0000000089900000| Untracked 
| 154|0x0000000089a00000, 0x0000000089a00000, 0x0000000089b00000|  0%| F|  |TAMS 0x0000000089a00000, 0x0000000089a00000| Untracked 
| 155|0x0000000089b00000, 0x0000000089b00000, 0x0000000089c00000|  0%| F|  |TAMS 0x0000000089b00000, 0x0000000089b00000| Untracked 
| 156|0x0000000089c00000, 0x0000000089c00000, 0x0000000089d00000|  0%| F|  |TAMS 0x0000000089c00000, 0x0000000089c00000| Untracked 
| 157|0x0000000089d00000, 0x0000000089d00000, 0x0000000089e00000|  0%| F|  |TAMS 0x0000000089d00000, 0x0000000089d00000| Untracked 
| 158|0x0000000089e00000, 0x0000000089e00000, 0x0000000089f00000|  0%| F|  |TAMS 0x0000000089e00000, 0x0000000089e00000| Untracked 
| 159|0x0000000089f00000, 0x0000000089f00000, 0x000000008a000000|  0%| F|  |TAMS 0x0000000089f00000, 0x0000000089f00000| Untracked 
| 160|0x000000008a000000, 0x000000008a000000, 0x000000008a100000|  0%| F|  |TAMS 0x000000008a000000, 0x000000008a000000| Untracked 
| 161|0x000000008a100000, 0x000000008a138738, 0x000000008a200000| 22%| E|  |TAMS 0x000000008a100000, 0x000000008a100000| Complete 
| 162|0x000000008a200000, 0x000000008a300000, 0x000000008a300000|100%| E|CS|TAMS 0x000000008a200000, 0x000000008a200000| Complete 
| 163|0x000000008a300000, 0x000000008a400000, 0x000000008a400000|100%| E|CS|TAMS 0x000000008a300000, 0x000000008a300000| Complete 
| 164|0x000000008a400000, 0x000000008a500000, 0x000000008a500000|100%| E|CS|TAMS 0x000000008a400000, 0x000000008a400000| Complete 
| 165|0x000000008a500000, 0x000000008a600000, 0x000000008a600000|100%| E|CS|TAMS 0x000000008a500000, 0x000000008a500000| Complete 
| 166|0x000000008a600000, 0x000000008a700000, 0x000000008a700000|100%| E|CS|TAMS 0x000000008a600000, 0x000000008a600000| Complete 

Card table byte_map: [0x00000150ef1a0000,0x00000150ef5a0000] _byte_map_base: 0x00000150eeda0000

Marking Bits (Prev, Next): (CMBitMap*) 0x00000150d8009640, (CMBitMap*) 0x00000150d8009600
 Prev Bits: [0x00000150f19a0000, 0x00000150f39a0000)
 Next Bits: [0x00000150ef9a0000, 0x00000150f19a0000)

Polling page: 0x00000150d7750000

Metaspace:

Usage:
  Non-class:     68.62 MB used.
      Class:     11.16 MB used.
       Both:     79.78 MB used.

Virtual space:
  Non-class space:      128.00 MB reserved,      69.06 MB ( 54%) committed,  2 nodes.
      Class space:      416.00 MB reserved,      11.50 MB (  3%) committed,  1 nodes.
             Both:      544.00 MB reserved,      80.56 MB ( 15%) committed. 

Chunk freelists:
   Non-Class:  10.87 MB
       Class:  4.48 MB
        Both:  15.36 MB

MaxMetaspaceSize: 512.00 MB
CompressedClassSpaceSize: 416.00 MB
Initial GC threshold: 21.00 MB
Current GC threshold: 134.06 MB
CDS: on
MetaspaceReclaimPolicy: balanced
 - commit_granule_bytes: 65536.
 - commit_granule_words: 8192.
 - virtual_space_node_default_size: 8388608.
 - enlarge_chunks_in_place: 1.
 - new_chunks_are_fully_committed: 0.
 - uncommit_free_chunks: 1.
 - use_allocation_guard: 0.
 - handle_deallocations: 1.


Internal statistics:

num_allocs_failed_limit: 6.
num_arena_births: 948.
num_arena_deaths: 0.
num_vsnodes_births: 3.
num_vsnodes_deaths: 0.
num_space_committed: 1289.
num_space_uncommitted: 0.
num_chunks_returned_to_freelist: 6.
num_chunks_taken_from_freelist: 4309.
num_chunk_merges: 6.
num_chunk_splits: 2923.
num_chunks_enlarged: 1963.
num_inconsistent_stats: 0.

CodeHeap 'non-profiled nmethods': size=120000Kb used=5047Kb max_used=5047Kb free=114953Kb
 bounds [0x00000150e7540000, 0x00000150e7a30000, 0x00000150eea70000]
CodeHeap 'profiled nmethods': size=120000Kb used=17685Kb max_used=17685Kb free=102314Kb
 bounds [0x00000150dfa70000, 0x00000150e0bc0000, 0x00000150e6fa0000]
CodeHeap 'non-nmethods': size=5760Kb used=2394Kb max_used=2500Kb free=3366Kb
 bounds [0x00000150e6fa0000, 0x00000150e7220000, 0x00000150e7540000]
 total_blobs=10011 nmethods=9084 adapters=839
 compilation: enabled
              stopped_count=0, restarted_count=0
 full_count=0

Compilation events (20 events):
Event: 39.336 Thread 0x00000150f63f45b0 nmethod 10582 0x00000150e0b7e710 code [0x00000150e0b7eaa0, 0x00000150e0b80f88]
Event: 39.336 Thread 0x00000150f63f45b0 10583       3       org.gradle.api.internal.artifacts.ivyservice.resolutionstrategy.DefaultResolutionStrategy_Decorated::$gradleInit (15 bytes)
Event: 39.336 Thread 0x00000150f63f45b0 nmethod 10583 0x00000150e0b81790 code [0x00000150e0b81980, 0x00000150e0b81fd8]
Event: 39.336 Thread 0x00000150f63f45b0 10584       3       org.gradle.internal.instantiation.generator.DefaultInstantiatorFactory::inject (8 bytes)
Event: 39.336 Thread 0x00000150f63f45b0 nmethod 10584 0x00000150e0b82190 code [0x00000150e0b82320, 0x00000150e0b82458]
Event: 39.336 Thread 0x00000150f63f45b0 10585       1       org.gradle.api.internal.attributes.DefaultAttributeMatchingStrategy::getDisambiguationRules (5 bytes)
Event: 39.336 Thread 0x00000150f63f45b0 nmethod 10585 0x00000150e7a23710 code [0x00000150e7a238a0, 0x00000150e7a23978]
Event: 39.337 Thread 0x00000150f63f45b0 10587       3       org.gradle.model.internal.type.ModelType::wrap (219 bytes)
Event: 39.338 Thread 0x00000150f63f45b0 nmethod 10587 0x00000150e0b82510 code [0x00000150e0b829a0, 0x00000150e0b84d68]
Event: 39.338 Thread 0x00000150f63f45b0 10588       3       org.gradle.api.internal.artifacts.configurations.DefaultConfigurationContainer::doCreate (6 bytes)
Event: 39.339 Thread 0x00000150f63f45b0 nmethod 10588 0x00000150e0b85590 code [0x00000150e0b85720, 0x00000150e0b858e8]
Event: 39.339 Thread 0x00000150f63f45b0 10589       3       org.gradle.api.internal.artifacts.configurations.DefaultConfigurationContainer::doCreate (24 bytes)
Event: 39.339 Thread 0x00000150f63f45b0 nmethod 10589 0x00000150e0b85990 code [0x00000150e0b85b40, 0x00000150e0b85e78]
Event: 39.339 Thread 0x00000150f63f45b0 10590       1       com.google.common.cache.LocalCache$StrongEntry::getValueReference (5 bytes)
Event: 39.339 Thread 0x00000150f63f45b0 nmethod 10590 0x00000150e7a23a10 code [0x00000150e7a23ba0, 0x00000150e7a23c78]
Event: 39.339 Thread 0x00000150f63f45b0 10592       3       org.gradle.api.plugins.BasePlugin$$Lambda$810/0x000000080168a610::execute (16 bytes)
Event: 39.340 Thread 0x00000150f63f45b0 nmethod 10592 0x00000150e0b86010 code [0x00000150e0b86260, 0x00000150e0b86e18]
Event: 39.340 Thread 0x00000150f63f45b0 10593       3       org.gradle.api.plugins.BasePlugin::lambda$configureConfigurations$3 (27 bytes)
Event: 39.341 Thread 0x00000150f63f45b0 nmethod 10593 0x00000150e0b87190 code [0x00000150e0b873c0, 0x00000150e0b87d78]
Event: 39.341 Thread 0x00000150f63f45b0 10598   !   3       jdk.internal.reflect.GeneratedConstructorAccessor16::newInstance (229 bytes)

GC Heap History (20 events):
Event: 28.814 GC heap before
{Heap before GC invocations=30 (full 0):
 garbage-first heap   total 128000K, used 111085K [0x0000000080000000, 0x0000000100000000)
  region size 1024K, 38 young (38912K), 2 survivors (2048K)
 Metaspace       used 68936K, committed 69632K, reserved 491520K
  class space    used 9460K, committed 9792K, reserved 425984K
}
Event: 28.819 GC heap after
{Heap after GC invocations=31 (full 0):
 garbage-first heap   total 128000K, used 73608K [0x0000000080000000, 0x0000000100000000)
  region size 1024K, 5 young (5120K), 5 survivors (5120K)
 Metaspace       used 68936K, committed 69632K, reserved 491520K
  class space    used 9460K, committed 9792K, reserved 425984K
}
Event: 28.834 GC heap before
{Heap before GC invocations=31 (full 0):
 garbage-first heap   total 128000K, used 73608K [0x0000000080000000, 0x0000000100000000)
  region size 1024K, 6 young (6144K), 5 survivors (5120K)
 Metaspace       used 69062K, committed 69760K, reserved 491520K
  class space    used 9478K, committed 9792K, reserved 425984K
}
Event: 28.838 GC heap after
{Heap after GC invocations=32 (full 0):
 garbage-first heap   total 128000K, used 73176K [0x0000000080000000, 0x0000000100000000)
  region size 1024K, 1 young (1024K), 1 survivors (1024K)
 Metaspace       used 69062K, committed 69760K, reserved 491520K
  class space    used 9478K, committed 9792K, reserved 425984K
}
Event: 29.228 GC heap before
{Heap before GC invocations=32 (full 0):
 garbage-first heap   total 128000K, used 101848K [0x0000000080000000, 0x0000000100000000)
  region size 1024K, 29 young (29696K), 1 survivors (1024K)
 Metaspace       used 71728K, committed 72384K, reserved 491520K
  class space    used 9800K, committed 10112K, reserved 425984K
}
Event: 29.231 GC heap after
{Heap after GC invocations=33 (full 0):
 garbage-first heap   total 128000K, used 74964K [0x0000000080000000, 0x0000000100000000)
  region size 1024K, 3 young (3072K), 3 survivors (3072K)
 Metaspace       used 71728K, committed 72384K, reserved 491520K
  class space    used 9800K, committed 10112K, reserved 425984K
}
Event: 29.582 GC heap before
{Heap before GC invocations=33 (full 0):
 garbage-first heap   total 128000K, used 103636K [0x0000000080000000, 0x0000000100000000)
  region size 1024K, 30 young (30720K), 3 survivors (3072K)
 Metaspace       used 72879K, committed 73600K, reserved 491520K
  class space    used 9987K, committed 10304K, reserved 425984K
}
Event: 29.586 GC heap after
{Heap after GC invocations=34 (full 0):
 garbage-first heap   total 128000K, used 76434K [0x0000000080000000, 0x0000000100000000)
  region size 1024K, 4 young (4096K), 4 survivors (4096K)
 Metaspace       used 72879K, committed 73600K, reserved 491520K
  class space    used 9987K, committed 10304K, reserved 425984K
}
Event: 36.848 GC heap before
{Heap before GC invocations=34 (full 0):
 garbage-first heap   total 128000K, used 104082K [0x0000000080000000, 0x0000000100000000)
  region size 1024K, 31 young (31744K), 4 survivors (4096K)
 Metaspace       used 73247K, committed 73920K, reserved 491520K
  class space    used 10035K, committed 10304K, reserved 425984K
}
Event: 36.854 GC heap after
{Heap after GC invocations=35 (full 0):
 garbage-first heap   total 128000K, used 79808K [0x0000000080000000, 0x0000000100000000)
  region size 1024K, 4 young (4096K), 4 survivors (4096K)
 Metaspace       used 73247K, committed 73920K, reserved 491520K
  class space    used 10035K, committed 10304K, reserved 425984K
}
Event: 37.427 GC heap before
{Heap before GC invocations=35 (full 0):
 garbage-first heap   total 128000K, used 104384K [0x0000000080000000, 0x0000000100000000)
  region size 1024K, 29 young (29696K), 4 survivors (4096K)
 Metaspace       used 76319K, committed 76992K, reserved 557056K
  class space    used 10542K, committed 10816K, reserved 425984K
}
Event: 37.431 GC heap after
{Heap after GC invocations=36 (full 0):
 garbage-first heap   total 128000K, used 81732K [0x0000000080000000, 0x0000000100000000)
  region size 1024K, 2 young (2048K), 2 survivors (2048K)
 Metaspace       used 76319K, committed 76992K, reserved 557056K
  class space    used 10542K, committed 10816K, reserved 425984K
}
Event: 37.948 GC heap before
{Heap before GC invocations=36 (full 0):
 garbage-first heap   total 128000K, used 105284K [0x0000000080000000, 0x0000000100000000)
  region size 1024K, 25 young (25600K), 2 survivors (2048K)
 Metaspace       used 78816K, committed 79488K, reserved 557056K
  class space    used 10986K, committed 11264K, reserved 425984K
}
Event: 37.954 GC heap after
{Heap after GC invocations=37 (full 0):
 garbage-first heap   total 128000K, used 83049K [0x0000000080000000, 0x0000000100000000)
  region size 1024K, 3 young (3072K), 3 survivors (3072K)
 Metaspace       used 78816K, committed 79488K, reserved 557056K
  class space    used 10986K, committed 11264K, reserved 425984K
}
Event: 38.344 GC heap before
{Heap before GC invocations=37 (full 0):
 garbage-first heap   total 128000K, used 106601K [0x0000000080000000, 0x0000000100000000)
  region size 1024K, 26 young (26624K), 3 survivors (3072K)
 Metaspace       used 79822K, committed 80512K, reserved 557056K
  class space    used 11135K, committed 11456K, reserved 425984K
}
Event: 38.349 GC heap after
{Heap after GC invocations=38 (full 0):
 garbage-first heap   total 128000K, used 85454K [0x0000000080000000, 0x0000000100000000)
  region size 1024K, 4 young (4096K), 4 survivors (4096K)
 Metaspace       used 79822K, committed 80512K, reserved 557056K
  class space    used 11135K, committed 11456K, reserved 425984K
}
Event: 38.967 GC heap before
{Heap before GC invocations=38 (full 0):
 garbage-first heap   total 128000K, used 112078K [0x0000000080000000, 0x0000000100000000)
  region size 1024K, 25 young (25600K), 4 survivors (4096K)
 Metaspace       used 80708K, committed 81472K, reserved 557056K
  class space    used 11242K, committed 11584K, reserved 425984K
}
Event: 38.973 GC heap after
{Heap after GC invocations=39 (full 0):
 garbage-first heap   total 128000K, used 95131K [0x0000000080000000, 0x0000000100000000)
  region size 1024K, 4 young (4096K), 4 survivors (4096K)
 Metaspace       used 80708K, committed 81472K, reserved 557056K
  class space    used 11242K, committed 11584K, reserved 425984K
}
Event: 39.130 GC heap before
{Heap before GC invocations=39 (full 0):
 garbage-first heap   total 128000K, used 108443K [0x0000000080000000, 0x0000000100000000)
  region size 1024K, 17 young (17408K), 4 survivors (4096K)
 Metaspace       used 81230K, committed 81984K, reserved 557056K
  class space    used 11330K, committed 11648K, reserved 425984K
}
Event: 39.135 GC heap after
{Heap after GC invocations=40 (full 0):
 garbage-first heap   total 128000K, used 97194K [0x0000000080000000, 0x0000000100000000)
  region size 1024K, 3 young (3072K), 3 survivors (3072K)
 Metaspace       used 81230K, committed 81984K, reserved 557056K
  class space    used 11330K, committed 11648K, reserved 425984K
}

Dll operation events (12 events):
Event: 0.018 Loaded shared library C:\Program Files\Eclipse Adoptium\jdk-17.0.7.7-hotspot\bin\java.dll
Event: 0.141 Loaded shared library C:\Program Files\Eclipse Adoptium\jdk-17.0.7.7-hotspot\bin\jsvml.dll
Event: 0.236 Loaded shared library C:\Program Files\Eclipse Adoptium\jdk-17.0.7.7-hotspot\bin\net.dll
Event: 0.240 Loaded shared library C:\Program Files\Eclipse Adoptium\jdk-17.0.7.7-hotspot\bin\nio.dll
Event: 0.247 Loaded shared library C:\Program Files\Eclipse Adoptium\jdk-17.0.7.7-hotspot\bin\zip.dll
Event: 0.571 Loaded shared library C:\Program Files\Eclipse Adoptium\jdk-17.0.7.7-hotspot\bin\jimage.dll
Event: 0.665 Loaded shared library C:\Program Files\Eclipse Adoptium\jdk-17.0.7.7-hotspot\bin\verify.dll
Event: 0.881 Loaded shared library C:\Users\javie\.gradle\native\68d5fa5c4cc2d200863cafc0d521ce42e7d3e7ee720ec0a83991735586a16f82\windows-amd64\native-platform.dll
Event: 0.900 Loaded shared library C:\Users\javie\.gradle\native\e376f236ea51e6404a007f0833ffe2c6e607c4080706a723a18a27aeea778392\windows-amd64\native-platform-file-events.dll
Event: 2.162 Loaded shared library C:\Program Files\Eclipse Adoptium\jdk-17.0.7.7-hotspot\bin\management.dll
Event: 2.166 Loaded shared library C:\Program Files\Eclipse Adoptium\jdk-17.0.7.7-hotspot\bin\management_ext.dll
Event: 2.847 Loaded shared library C:\Program Files\Eclipse Adoptium\jdk-17.0.7.7-hotspot\bin\sunmscapi.dll

Deoptimization events (20 events):
Event: 38.804 Thread 0x00000150fc59ea80 Uncommon trap: trap_request=0xffffff45 fr.pc=0x00000150e79f2fa0 relative=0x0000000000000560
Event: 38.804 Thread 0x00000150fc59ea80 Uncommon trap: reason=unstable_if action=reinterpret pc=0x00000150e79f2fa0 method=groovy.lang.MetaClassImpl.filterPropertyMethod(Ljava/lang/Object;ZZ)Ljava/lang/Object; @ 80 c2
Event: 38.804 Thread 0x00000150fc59ea80 DEOPT PACKING pc=0x00000150e79f2fa0 sp=0x000000486eaf8600
Event: 38.804 Thread 0x00000150fc59ea80 DEOPT UNPACKING pc=0x00000150e6ff69a3 sp=0x000000486eaf8570 mode 2
Event: 38.818 Thread 0x00000150fc59ea80 DEOPT PACKING pc=0x00000150e09322e9 sp=0x000000486eaf5550
Event: 38.818 Thread 0x00000150fc59ea80 DEOPT UNPACKING pc=0x00000150e6ff7143 sp=0x000000486eaf4ad0 mode 0
Event: 38.855 Thread 0x00000150fc59ea80 DEOPT PACKING pc=0x00000150e09322e9 sp=0x000000486eaf5550
Event: 38.855 Thread 0x00000150fc59ea80 DEOPT UNPACKING pc=0x00000150e6ff7143 sp=0x000000486eaf4ad0 mode 0
Event: 38.939 Thread 0x00000150fc59ea80 DEOPT PACKING pc=0x00000150e0ab1525 sp=0x000000486eaf7240
Event: 38.939 Thread 0x00000150fc59ea80 DEOPT UNPACKING pc=0x00000150e6ff7143 sp=0x000000486eaf67e0 mode 0
Event: 39.011 Thread 0x00000150fc59ea80 Uncommon trap: trap_request=0xffffffde fr.pc=0x00000150e75a651c relative=0x000000000000203c
Event: 39.011 Thread 0x00000150fc59ea80 Uncommon trap: reason=class_check action=maybe_recompile pc=0x00000150e75a651c method=java.lang.Class.createAnnotationData(I)Ljava/lang/Class$AnnotationData; @ 103 c2
Event: 39.011 Thread 0x00000150fc59ea80 DEOPT PACKING pc=0x00000150e75a651c sp=0x000000486eaf4410
Event: 39.011 Thread 0x00000150fc59ea80 DEOPT UNPACKING pc=0x00000150e6ff69a3 sp=0x000000486eaf4380 mode 2
Event: 39.043 Thread 0x00000150fc59ea80 DEOPT PACKING pc=0x00000150e02004c9 sp=0x000000486eaf35b0
Event: 39.043 Thread 0x00000150fc59ea80 DEOPT UNPACKING pc=0x00000150e6ff7143 sp=0x000000486eaf2ac0 mode 0
Event: 39.238 Thread 0x00000150fc59ea80 DEOPT PACKING pc=0x00000150e0ab1525 sp=0x000000486eaf86e0
Event: 39.238 Thread 0x00000150fc59ea80 DEOPT UNPACKING pc=0x00000150e6ff7143 sp=0x000000486eaf7c80 mode 0
Event: 39.289 Thread 0x00000150fc59ea80 DEOPT PACKING pc=0x00000150e03ab9d9 sp=0x000000486eaf8f70
Event: 39.289 Thread 0x00000150fc59ea80 DEOPT UNPACKING pc=0x00000150e6ff7143 sp=0x000000486eaf8468 mode 0

Classes unloaded (0 events):
No events

Classes redefined (0 events):
No events

Internal exceptions (20 events):
Event: 39.025 Thread 0x00000150fc59ea80 Exception <a 'java/lang/ClassNotFoundException'{0x00000000876274b8}: org/gradle/api/internal/artifacts/repositories/AbstractArtifactRepositoryCustomizer> (0x00000000876274b8) 
thrown [s\src\hotspot\share\classfile\systemDictionary.cpp, line 256]
Event: 39.026 Thread 0x00000150fc59ea80 Exception <a 'java/lang/ClassNotFoundException'{0x000000008765d550}: org/gradle/api/internal/artifacts/repositories/AbstractResolutionAwareArtifactRepositoryCustomizer> (0x000000008765d550) 
thrown [s\src\hotspot\share\classfile\systemDictionary.cpp, line 256]
Event: 39.028 Thread 0x00000150fc59ea80 Exception <a 'java/lang/ClassNotFoundException'{0x0000000087680d70}: org/gradle/api/internal/artifacts/repositories/AbstractAuthenticationSupportedRepositoryCustomizer> (0x0000000087680d70) 
thrown [s\src\hotspot\share\classfile\systemDictionary.cpp, line 256]
Event: 39.029 Thread 0x00000150fc59ea80 Exception <a 'java/lang/ClassNotFoundException'{0x00000000876adad0}: org/gradle/api/internal/artifacts/repositories/DefaultMavenArtifactRepositoryCustomizer> (0x00000000876adad0) 
thrown [s\src\hotspot\share\classfile\systemDictionary.cpp, line 256]
Event: 39.031 Thread 0x00000150fc59ea80 Exception <a 'java/lang/ClassNotFoundException'{0x00000000876e09b8}: org/gradle/api/internal/artifacts/repositories/DefaultMavenArtifactRepository_DecoratedCustomizer> (0x00000000876e09b8) 
thrown [s\src\hotspot\share\classfile\systemDictionary.cpp, line 256]
Event: 39.034 Thread 0x00000150fc59ea80 Exception <a 'java/lang/ClassNotFoundException'{0x000000008754e558}: build_5bus606ft66rzvmr6me0srowp$_run_closure3BeanInfo> (0x000000008754e558) 
thrown [s\src\hotspot\share\classfile\systemDictionary.cpp, line 256]
Event: 39.035 Thread 0x00000150fc59ea80 Exception <a 'java/lang/ClassNotFoundException'{0x0000000087559a78}: build_5bus606ft66rzvmr6me0srowp$_run_closure3Customizer> (0x0000000087559a78) 
thrown [s\src\hotspot\share\classfile\systemDictionary.cpp, line 256]
Event: 39.038 Thread 0x00000150fc59ea80 Exception <a 'java/lang/ClassNotFoundException'{0x00000000874071f8}: sun/nio/fs/WindowsPathBeanInfo> (0x00000000874071f8) 
thrown [s\src\hotspot\share\classfile\systemDictionary.cpp, line 256]
Event: 39.039 Thread 0x00000150fc59ea80 Exception <a 'java/lang/ClassNotFoundException'{0x0000000087411ff8}: sun/nio/fs/WindowsPathCustomizer> (0x0000000087411ff8) 
thrown [s\src\hotspot\share\classfile\systemDictionary.cpp, line 256]
Event: 39.046 Thread 0x00000150fc59ea80 Exception <a 'java/lang/ClassNotFoundException'{0x000000008747f2f0}: java/nio/file/PathsBeanInfo> (0x000000008747f2f0) 
thrown [s\src\hotspot\share\classfile\systemDictionary.cpp, line 256]
Event: 39.047 Thread 0x00000150fc59ea80 Exception <a 'java/lang/ClassNotFoundException'{0x000000008748a0a0}: java/nio/file/PathsCustomizer> (0x000000008748a0a0) 
thrown [s\src\hotspot\share\classfile\systemDictionary.cpp, line 256]
Event: 39.243 Thread 0x00000150fc59ea80 Exception <a 'java/lang/ClassNotFoundException'{0x000000008a607038}: com/android/build/gradle/internal/api/LibraryVariantOutputImpl_DecoratedBeanInfo> (0x000000008a607038) 
thrown [s\src\hotspot\share\classfile\systemDictionary.cpp, line 256]
Event: 39.253 Thread 0x00000150fc59ea80 Exception <a 'java/lang/ClassNotFoundException'{0x000000008a613b90}: com/android/build/gradle/internal/api/LibraryVariantOutputImplBeanInfo> (0x000000008a613b90) 
thrown [s\src\hotspot\share\classfile\systemDictionary.cpp, line 256]
Event: 39.254 Thread 0x00000150fc59ea80 Exception <a 'java/lang/ClassNotFoundException'{0x000000008a6201b8}: com/android/build/gradle/internal/api/LibraryVariantOutputImplCustomizer> (0x000000008a6201b8) 
thrown [s\src\hotspot\share\classfile\systemDictionary.cpp, line 256]
Event: 39.255 Thread 0x00000150fc59ea80 Exception <a 'java/lang/ClassNotFoundException'{0x000000008a634a88}: com/android/build/gradle/internal/api/LibraryVariantOutputImpl_DecoratedCustomizer> (0x000000008a634a88) 
thrown [s\src\hotspot\share\classfile\systemDictionary.cpp, line 256]
Event: 39.257 Thread 0x00000150fc59ea80 Exception <a 'java/lang/NoClassDefFoundError'{0x000000008a66c9c8}: org/jetbrains/kotlin/gradle/plugin/KotlinBasePluginWrapper> (0x000000008a66c9c8) 
thrown [s\src\hotspot\share\oops\constantPool.cpp, line 835]
Event: 39.295 Thread 0x00000150fc59ea80 Exception <a 'java/lang/ClassNotFoundException'{0x000000008a54c990}: build_9msggyxhp4dtxnmz0h38axcrdBeanInfo> (0x000000008a54c990) 
thrown [s\src\hotspot\share\classfile\systemDictionary.cpp, line 256]
Event: 39.296 Thread 0x00000150fc59ea80 Exception <a 'java/lang/ClassNotFoundException'{0x000000008a5531e0}: build_9msggyxhp4dtxnmz0h38axcrdCustomizer> (0x000000008a5531e0) 
thrown [s\src\hotspot\share\classfile\systemDictionary.cpp, line 256]
Event: 39.322 Thread 0x00000150fc59ea80 Exception <a 'java/lang/ClassNotFoundException'{0x000000008a5fcb80}: build_9msggyxhp4dtxnmz0h38axcrdBeanInfo> (0x000000008a5fcb80) 
thrown [s\src\hotspot\share\classfile\systemDictionary.cpp, line 256]
Event: 39.324 Thread 0x00000150fc59ea80 Exception <a 'java/lang/ClassNotFoundException'{0x000000008a403848}: build_9msggyxhp4dtxnmz0h38axcrdCustomizer> (0x000000008a403848) 
thrown [s\src\hotspot\share\classfile\systemDictionary.cpp, line 256]

VM Operations (20 events):
Event: 36.898 Executing VM operation: HandshakeAllThreads
Event: 36.898 Executing VM operation: HandshakeAllThreads done
Event: 37.426 Executing VM operation: G1CollectForAllocation
Event: 37.431 Executing VM operation: G1CollectForAllocation done
Event: 37.948 Executing VM operation: G1CollectForAllocation
Event: 37.954 Executing VM operation: G1CollectForAllocation done
Event: 38.093 Executing VM operation: HandshakeAllThreads
Event: 38.094 Executing VM operation: HandshakeAllThreads done
Event: 38.344 Executing VM operation: G1CollectForAllocation
Event: 38.349 Executing VM operation: G1CollectForAllocation done
Event: 38.922 Executing VM operation: ICBufferFull
Event: 38.923 Executing VM operation: ICBufferFull done
Event: 38.967 Executing VM operation: G1CollectForAllocation
Event: 38.973 Executing VM operation: G1CollectForAllocation done
Event: 39.130 Executing VM operation: G1CollectForAllocation
Event: 39.135 Executing VM operation: G1CollectForAllocation done
Event: 39.230 Executing VM operation: G1Concurrent
Event: 39.236 Executing VM operation: G1Concurrent done
Event: 39.280 Executing VM operation: G1Concurrent
Event: 39.281 Executing VM operation: G1Concurrent done

Events (20 events):
Event: 38.401 loading class javax/management/NotCompliantMBeanException
Event: 38.416 loading class javax/management/NotCompliantMBeanException done
Event: 39.038 loading class sun/nio/fs/WindowsPathBeanInfo
Event: 39.038 loading class sun/nio/fs/WindowsPathBeanInfo done
Event: 39.038 loading class sun/nio/fs/WindowsPathBeanInfo
Event: 39.038 loading class sun/nio/fs/WindowsPathBeanInfo done
Event: 39.038 loading class sun/nio/fs/WindowsPathCustomizer
Event: 39.039 loading class sun/nio/fs/WindowsPathCustomizer done
Event: 39.039 loading class sun/nio/fs/WindowsPathCustomizer
Event: 39.039 loading class sun/nio/fs/WindowsPathCustomizer done
Event: 39.040 loading class java/nio/file/WatchEvent
Event: 39.041 loading class java/nio/file/WatchEvent done
Event: 39.046 loading class java/nio/file/PathsBeanInfo
Event: 39.046 loading class java/nio/file/PathsBeanInfo done
Event: 39.046 loading class java/nio/file/PathsBeanInfo
Event: 39.046 loading class java/nio/file/PathsBeanInfo done
Event: 39.046 loading class java/nio/file/PathsCustomizer
Event: 39.046 loading class java/nio/file/PathsCustomizer done
Event: 39.047 loading class java/nio/file/PathsCustomizer
Event: 39.047 loading class java/nio/file/PathsCustomizer done


Dynamic libraries:
0x00007ff75fc90000 - 0x00007ff75fc9e000 	C:\Program Files\Eclipse Adoptium\jdk-17.0.7.7-hotspot\bin\java.exe
0x00007ffb91810000 - 0x00007ffb91a07000 	C:\WINDOWS\SYSTEM32\ntdll.dll
0x00007ffb90600000 - 0x00007ffb906bd000 	C:\WINDOWS\System32\KERNEL32.DLL
0x00007ffb8f0d0000 - 0x00007ffb8f3c6000 	C:\WINDOWS\System32\KERNELBASE.dll
0x000000005b020000 - 0x000000005b352000 	C:\Program Files\Norton Security\NortonData\22.20.5.40\Definitions\IPSDefs\20231018.001\IPSEng64.dll
0x00007ffb91520000 - 0x00007ffb915ce000 	C:\WINDOWS\System32\ADVAPI32.dll
0x00007ffb90280000 - 0x00007ffb9031e000 	C:\WINDOWS\System32\msvcrt.dll
0x00007ffb8fa80000 - 0x00007ffb8fb1c000 	C:\WINDOWS\System32\sechost.dll
0x00007ffb90720000 - 0x00007ffb90846000 	C:\WINDOWS\System32\RPCRT4.dll
0x00007ffb8fa70000 - 0x00007ffb8fa78000 	C:\WINDOWS\System32\PSAPI.DLL
0x00007ffb8f4a0000 - 0x00007ffb8f5a0000 	C:\WINDOWS\System32\ucrtbase.dll
0x00007ffb582f0000 - 0x00007ffb58309000 	C:\Program Files\Eclipse Adoptium\jdk-17.0.7.7-hotspot\bin\VCRUNTIME140.dll
0x00007ffb52640000 - 0x00007ffb52657000 	C:\Program Files\Eclipse Adoptium\jdk-17.0.7.7-hotspot\bin\jli.dll
0x00007ffb8f870000 - 0x00007ffb8fa0e000 	C:\WINDOWS\System32\USER32.dll
0x00007ffb8f700000 - 0x00007ffb8f722000 	C:\WINDOWS\System32\win32u.dll
0x00007ffb917a0000 - 0x00007ffb917cc000 	C:\WINDOWS\System32\GDI32.dll
0x00007ffb720d0000 - 0x00007ffb7236a000 	C:\WINDOWS\WinSxS\amd64_microsoft.windows.common-controls_6595b64144ccf1df_6.0.19041.3570_none_60bb2a3971f3e41a\COMCTL32.dll
0x00007ffb8ef40000 - 0x00007ffb8f05a000 	C:\WINDOWS\System32\gdi32full.dll
0x00007ffb8f400000 - 0x00007ffb8f49d000 	C:\WINDOWS\System32\msvcp_win.dll
0x00007ffb915f0000 - 0x00007ffb91620000 	C:\WINDOWS\System32\IMM32.DLL
0x00007ffb65120000 - 0x00007ffb6512c000 	C:\Program Files\Eclipse Adoptium\jdk-17.0.7.7-hotspot\bin\vcruntime140_1.dll
0x00007ffb46cc0000 - 0x00007ffb46d51000 	C:\Program Files\Eclipse Adoptium\jdk-17.0.7.7-hotspot\bin\msvcp140.dll
0x00007ffb3af60000 - 0x00007ffb3bba8000 	C:\Program Files\Eclipse Adoptium\jdk-17.0.7.7-hotspot\bin\server\jvm.dll
0x00007ffb870f0000 - 0x00007ffb870fa000 	C:\WINDOWS\SYSTEM32\VERSION.dll
0x00007ffb76360000 - 0x00007ffb76387000 	C:\WINDOWS\SYSTEM32\WINMM.dll
0x00007ffb80d80000 - 0x00007ffb80d89000 	C:\WINDOWS\SYSTEM32\WSOCK32.dll
0x00007ffb90590000 - 0x00007ffb905fb000 	C:\WINDOWS\System32\WS2_32.dll
0x00007ffb8cd50000 - 0x00007ffb8cd62000 	C:\WINDOWS\SYSTEM32\kernel.appcore.dll
0x00007ffb64f10000 - 0x00007ffb64f1a000 	C:\Program Files\Eclipse Adoptium\jdk-17.0.7.7-hotspot\bin\jimage.dll
0x00007ffb81770000 - 0x00007ffb81954000 	C:\WINDOWS\SYSTEM32\DBGHELP.DLL
0x00007ffb81730000 - 0x00007ffb81764000 	C:\WINDOWS\SYSTEM32\dbgcore.DLL
0x00007ffb8f730000 - 0x00007ffb8f7b2000 	C:\WINDOWS\System32\bcryptPrimitives.dll
0x00007ffb4e7a0000 - 0x00007ffb4e7c5000 	C:\Program Files\Eclipse Adoptium\jdk-17.0.7.7-hotspot\bin\java.dll
0x00007ffb45f90000 - 0x00007ffb46066000 	C:\Program Files\Eclipse Adoptium\jdk-17.0.7.7-hotspot\bin\jsvml.dll
0x00007ffb8fb30000 - 0x00007ffb90274000 	C:\WINDOWS\System32\SHELL32.dll
0x00007ffb8cf50000 - 0x00007ffb8d6eb000 	C:\WINDOWS\SYSTEM32\windows.storage.dll
0x00007ffb910f0000 - 0x00007ffb91444000 	C:\WINDOWS\System32\combase.dll
0x00007ffb8e930000 - 0x00007ffb8e95d000 	C:\WINDOWS\SYSTEM32\Wldp.dll
0x00007ffb904e0000 - 0x00007ffb9058d000 	C:\WINDOWS\System32\SHCORE.dll
0x00007ffb90980000 - 0x00007ffb909d5000 	C:\WINDOWS\System32\shlwapi.dll
0x00007ffb8ee20000 - 0x00007ffb8ee45000 	C:\WINDOWS\SYSTEM32\profapi.dll
0x00007ffb4e540000 - 0x00007ffb4e559000 	C:\Program Files\Eclipse Adoptium\jdk-17.0.7.7-hotspot\bin\net.dll
0x00007ffb862f0000 - 0x00007ffb863fa000 	C:\WINDOWS\SYSTEM32\WINHTTP.dll
0x00007ffb8e650000 - 0x00007ffb8e6ba000 	C:\WINDOWS\system32\mswsock.dll
0x00007ffb4da70000 - 0x00007ffb4da85000 	C:\Program Files\Eclipse Adoptium\jdk-17.0.7.7-hotspot\bin\nio.dll
0x00007ffb4d880000 - 0x00007ffb4d898000 	C:\Program Files\Eclipse Adoptium\jdk-17.0.7.7-hotspot\bin\zip.dll
0x00007ffb62230000 - 0x00007ffb62240000 	C:\Program Files\Eclipse Adoptium\jdk-17.0.7.7-hotspot\bin\verify.dll
0x00007ffb4ce00000 - 0x00007ffb4ce27000 	C:\Users\javie\.gradle\native\68d5fa5c4cc2d200863cafc0d521ce42e7d3e7ee720ec0a83991735586a16f82\windows-amd64\native-platform.dll
0x00007ffb48af0000 - 0x00007ffb48c34000 	C:\Users\javie\.gradle\native\e376f236ea51e6404a007f0833ffe2c6e607c4080706a723a18a27aeea778392\windows-amd64\native-platform-file-events.dll
0x00007ffb8ace0000 - 0x00007ffb8ace9000 	C:\Program Files\Eclipse Adoptium\jdk-17.0.7.7-hotspot\bin\management.dll
0x00007ffb80b70000 - 0x00007ffb80b7b000 	C:\Program Files\Eclipse Adoptium\jdk-17.0.7.7-hotspot\bin\management_ext.dll
0x00007ffb8e860000 - 0x00007ffb8e878000 	C:\WINDOWS\SYSTEM32\CRYPTSP.dll
0x00007ffb8def0000 - 0x00007ffb8df24000 	C:\WINDOWS\system32\rsaenh.dll
0x00007ffb8f3d0000 - 0x00007ffb8f3f7000 	C:\WINDOWS\System32\bcrypt.dll
0x00007ffb8ede0000 - 0x00007ffb8ee0e000 	C:\WINDOWS\SYSTEM32\USERENV.dll
0x00007ffb8e880000 - 0x00007ffb8e88c000 	C:\WINDOWS\SYSTEM32\CRYPTBASE.dll
0x00007ffb8e300000 - 0x00007ffb8e33b000 	C:\WINDOWS\SYSTEM32\IPHLPAPI.DLL
0x00007ffb909e0000 - 0x00007ffb909e8000 	C:\WINDOWS\System32\NSI.dll
0x00007ffb888f0000 - 0x00007ffb88907000 	C:\WINDOWS\SYSTEM32\dhcpcsvc6.DLL
0x00007ffb88800000 - 0x00007ffb8881d000 	C:\WINDOWS\SYSTEM32\dhcpcsvc.DLL
0x00007ffb8e350000 - 0x00007ffb8e41a000 	C:\WINDOWS\SYSTEM32\DNSAPI.dll
0x00007ffb80b60000 - 0x00007ffb80b6e000 	C:\Program Files\Eclipse Adoptium\jdk-17.0.7.7-hotspot\bin\sunmscapi.dll
0x00007ffb8f5a0000 - 0x00007ffb8f6fd000 	C:\WINDOWS\System32\CRYPT32.dll
0x00007ffb8e9a0000 - 0x00007ffb8e9c7000 	C:\WINDOWS\SYSTEM32\ncrypt.dll
0x00007ffb8e960000 - 0x00007ffb8e99b000 	C:\WINDOWS\SYSTEM32\NTASN1.dll
0x00007ffb72720000 - 0x00007ffb72727000 	C:\WINDOWS\system32\wshunix.dll

dbghelp: loaded successfully - version: 4.0.5 - missing functions: none
symbol engine: initialized successfully - sym options: 0x614 - pdb path: .;C:\Program Files\Eclipse Adoptium\jdk-17.0.7.7-hotspot\bin;C:\WINDOWS\SYSTEM32;C:\Program Files\Norton Security\NortonData\22.20.5.40\Definitions\IPSDefs\20231018.001;C:\WINDOWS\WinSxS\amd64_microsoft.windows.common-controls_6595b64144ccf1df_6.0.19041.3570_none_60bb2a3971f3e41a;C:\Program Files\Eclipse Adoptium\jdk-17.0.7.7-hotspot\bin\server;C:\Users\javie\.gradle\native\68d5fa5c4cc2d200863cafc0d521ce42e7d3e7ee720ec0a83991735586a16f82\windows-amd64;C:\Users\javie\.gradle\native\e376f236ea51e6404a007f0833ffe2c6e607c4080706a723a18a27aeea778392\windows-amd64

VM Arguments:
jvm_args: -XX:MaxMetaspaceSize=512m --add-opens=java.base/java.util=ALL-UNNAMED --add-opens=java.base/java.lang=ALL-UNNAMED --add-opens=java.base/java.lang.invoke=ALL-UNNAMED --add-opens=java.prefs/java.util.prefs=ALL-UNNAMED --add-opens=java.base/java.nio.charset=ALL-UNNAMED --add-opens=java.base/java.net=ALL-UNNAMED --add-opens=java.base/java.util.concurrent.atomic=ALL-UNNAMED -Xmx2048m -Dfile.encoding=UTF-8 -Duser.country=ES -Duser.language=es -Duser.variant 
java_command: org.gradle.launcher.daemon.bootstrap.GradleDaemon 8.0.1
java_class_path (initial): C:\Users\javie\.gradle\wrapper\dists\gradle-8.0.1-all\aro4hu1c3oeioove7l0i4i14o\gradle-8.0.1\lib\gradle-launcher-8.0.1.jar
Launcher Type: SUN_STANDARD

[Global flags]
     intx CICompilerCount                          = 4                                         {product} {ergonomic}
   size_t CompressedClassSpaceSize                 = 436207616                                 {product} {ergonomic}
     uint ConcGCThreads                            = 2                                         {product} {ergonomic}
     uint G1ConcRefinementThreads                  = 8                                         {product} {ergonomic}
   size_t G1HeapRegionSize                         = 1048576                                   {product} {ergonomic}
    uintx GCDrainStackTargetSize                   = 64                                        {product} {ergonomic}
   size_t InitialHeapSize                          = 132120576                                 {product} {ergonomic}
   size_t MarkStackSize                            = 4194304                                   {product} {ergonomic}
   size_t MaxHeapSize                              = 2147483648                                {product} {command line}
   size_t MaxMetaspaceSize                         = 536870912                                 {product} {command line}
   size_t MaxNewSize                               = 1287651328                                {product} {ergonomic}
   size_t MinHeapDeltaBytes                        = 1048576                                   {product} {ergonomic}
   size_t MinHeapSize                              = 8388608                                   {product} {ergonomic}
    uintx NonNMethodCodeHeapSize                   = 5839372                                {pd product} {ergonomic}
    uintx NonProfiledCodeHeapSize                  = 122909434                              {pd product} {ergonomic}
    uintx ProfiledCodeHeapSize                     = 122909434                              {pd product} {ergonomic}
    uintx ReservedCodeCacheSize                    = 251658240                              {pd product} {ergonomic}
     bool SegmentedCodeCache                       = true                                      {product} {ergonomic}
   size_t SoftMaxHeapSize                          = 2147483648                             {manageable} {ergonomic}
     bool UseCompressedClassPointers               = true                           {product lp64_product} {ergonomic}
     bool UseCompressedOops                        = true                           {product lp64_product} {ergonomic}
     bool UseG1GC                                  = true                                      {product} {ergonomic}
     bool UseLargePagesIndividualAllocation        = false                                  {pd product} {ergonomic}

Logging:
Log output configuration:
 #0: stdout all=warning uptime,level,tags
 #1: stderr all=off uptime,level,tags

Environment Variables:
JAVA_HOME=C:\Program Files\Eclipse Adoptium\jdk-17.0.7.7-hotspot
CLASSPATH=C:\Users\javie\Desktop\PROYECTOS 2023\React Native\Web_View\App_Mobile_LoginRegistro_Native_Spring\android\\gradle\wrapper\gradle-wrapper.jar
PATH=C:\Users\javie\Desktop\PROYECTOS 2023\React Native\Web_View\App_Mobile_LoginRegistro_Native_Spring\node_modules\.bin;C:\Users\javie\Desktop\PROYECTOS 2023\React Native\Web_View\App_Mobile_LoginRegistro_Native_Spring\node_modules\.bin;C:\Users\javie\Desktop\PROYECTOS 2023\React Native\Web_View\node_modules\.bin;C:\Users\javie\Desktop\PROYECTOS 2023\React Native\node_modules\.bin;C:\Users\javie\Desktop\PROYECTOS 2023\node_modules\.bin;C:\Users\javie\Desktop\node_modules\.bin;C:\Users\javie\node_modules\.bin;C:\Users\node_modules\.bin;C:\node_modules\.bin;C:\Users\javie\AppData\Roaming\npm\node_modules\npm\node_modules\@npmcli\run-script\lib\node-gyp-bin;C:\Program Files\Eclipse Adoptium\jdk-17.0.7.7-hotspot\bin;C:\Program Files (x86)\Common Files\Intel\Shared Libraries\redist\intel64\compiler;C:\Windows\system32;C:\Windows;C:\Windows\System32\Wbem;C:\Windows\System32\WindowsPowerShell\v1.0\;C:\Windows\System32\OpenSSH\;C:\Program Files (x86)\NVIDIA Corporation\PhysX\Common;C:\Program Files\NVIDIA Corporation\NVIDIA NvDLISR;C:\WINDOWS\system32;C:\WINDOWS;C:\WINDOWS\System32\Wbem;C:\WINDOWS\System32\WindowsPowerShell\v1.0\;C:\WINDOWS\System32\OpenSSH\;C:\Program Files\Git\cmd;C:\ProgramData\chocolatey\bin;C:\Program Files\Eclipse Adoptium\jdk-17.0.7.7-hotspot\bin;C:\Users\javie\AppData\Local\Android\Sdk\platform-tools;C:\Users\javie\AppData\Local\Android\Sdk\tools;C:\Users\javie\AppData\Local\Android\Sdk\tools\bin;C:\Program Files\nodejs\;C:\Program Files\bundletool;C:\Program Files\MongoDB\Server\6.0\bin;c:\Program Files (x86)\Microsoft SQL Server\100\Tools\Binn\;c:\Program Files\Microsoft SQL Server\100\Tools\Binn\;c:\Program Files\Microsoft SQL Server\100\DTS\Binn\;c:\Program Files (x86)\Microsoft SQL Server\100\Tools\Binn\VSShell\Common7\IDE\;c:\Program Files (x86)\Microsoft SQL Server\100\DTS\Binn\;C:\Program Files\MySQL\MySQL Server 8.0\bin;C:\Program Files\apache-maven-3.8.8\bin;;C:\Program Files\Docker\Docker\resources\bin;C:\Program Files\PuTTY\;C:\Program Fi
USERNAME=javie
OS=Windows_NT
PROCESSOR_IDENTIFIER=Intel64 Family 6 Model 165 Stepping 2, GenuineIntel
TMP=C:\Users\javie\AppData\Local\Temp
TEMP=C:\Users\javie\AppData\Local\Temp



---------------  S Y S T E M  ---------------

OS:
 Windows 10 , 64 bit Build 19041 (10.0.19041.3570)
OS uptime: 3 days 16:10 hours
Hyper-V role detected

CPU: total 8 (initial active 8) (4 cores per cpu, 2 threads per core) family 6 model 165 stepping 2 microcode 0xc8, cx8, cmov, fxsr, ht, mmx, 3dnowpref, sse, sse2, sse3, ssse3, sse4.1, sse4.2, popcnt, lzcnt, tsc, tscinvbit, avx, avx2, aes, erms, clmul, bmi1, bmi2, adx, fma, vzeroupper, clflush, clflushopt, hv

Memory: 4k page, system-wide physical 8013M (257M free)
TotalPageFile size 32589M (AvailPageFile size 3M)
current process WorkingSet (physical memory assigned to process): 348M, peak: 355M
current process commit charge ("private bytes"): 461M, peak: 463M

vm_info: OpenJDK 64-Bit Server VM (17.0.7+7) for windows-amd64 JRE (17.0.7+7), built on Apr 18 2023 22:10:42 by "temurin" with MS VC++ 16.7 (VS2019)

END.
